2014-08-22 10:58:21,328 INFO [org.hibernate.cfg.Environment] - Hibernate 3.2.6
2014-08-22 10:58:21,343 INFO [org.hibernate.cfg.Environment] - hibernate.properties not found
2014-08-22 10:58:21,359 INFO [org.hibernate.cfg.Environment] - Bytecode provider name : cglib
2014-08-22 10:58:21,375 INFO [org.hibernate.cfg.Environment] - using JDK 1.4 java.sql.Timestamp handling
2014-08-22 10:58:21,500 INFO [org.hibernate.cfg.Configuration] - configuring from resource: /hibernate.cfg.xml
2014-08-22 10:58:21,500 INFO [org.hibernate.cfg.Configuration] - Configuration resource: /hibernate.cfg.xml
2014-08-22 10:58:21,906 INFO [org.hibernate.cfg.Configuration] - Reading mappings from resource : com/wepull/pojo/Person.hbm.xml
2014-08-22 10:58:22,046 INFO [org.hibernate.cfg.HbmBinder] - Mapping class: com.wepull.pojo.Person -> TPerson
2014-08-22 10:58:22,218 INFO [org.hibernate.cfg.Configuration] - Reading mappings from resource : com/wepull/pojo/IdCard.hbm.xml
2014-08-22 10:58:22,265 ERROR [org.hibernate.util.XMLHelper] - Error parsing XML: XML InputStream(15) The content of element type "one-to-one" must match "(meta*,formula*)".
2014-08-22 10:59:11,015 INFO [org.hibernate.cfg.Environment] - Hibernate 3.2.6
2014-08-22 10:59:11,031 INFO [org.hibernate.cfg.Environment] - hibernate.properties not found
2014-08-22 10:59:11,031 INFO [org.hibernate.cfg.Environment] - Bytecode provider name : cglib
2014-08-22 10:59:11,046 INFO [org.hibernate.cfg.Environment] - using JDK 1.4 java.sql.Timestamp handling
2014-08-22 10:59:11,171 INFO [org.hibernate.cfg.Configuration] - configuring from resource: /hibernate.cfg.xml
2014-08-22 10:59:11,171 INFO [org.hibernate.cfg.Configuration] - Configuration resource: /hibernate.cfg.xml
2014-08-22 10:59:11,578 INFO [org.hibernate.cfg.Configuration] - Reading mappings from resource : com/wepull/pojo/Person.hbm.xml
2014-08-22 10:59:11,703 INFO [org.hibernate.cfg.HbmBinder] - Mapping class: com.wepull.pojo.Person -> TPerson
2014-08-22 10:59:11,859 INFO [org.hibernate.cfg.Configuration] - Reading mappings from resource : com/wepull/pojo/IdCard.hbm.xml
2014-08-22 10:59:11,890 INFO [org.hibernate.cfg.HbmBinder] - Mapping class: com.wepull.pojo.IdCard -> TIdCard
2014-08-22 10:59:11,890 INFO [org.hibernate.cfg.Configuration] - Configured SessionFactory: null
2014-08-22 10:59:11,906 INFO [org.hibernate.connection.DriverManagerConnectionProvider] - Using Hibernate built-in connection pool (not for production use!)
2014-08-22 10:59:11,906 INFO [org.hibernate.connection.DriverManagerConnectionProvider] - Hibernate connection pool size: 20
2014-08-22 10:59:11,906 INFO [org.hibernate.connection.DriverManagerConnectionProvider] - autocommit mode: false
2014-08-22 10:59:11,921 INFO [org.hibernate.connection.DriverManagerConnectionProvider] - using driver: com.mysql.jdbc.Driver at URL: jdbc:mysql://localhost:3306/hibernate2_2
2014-08-22 10:59:11,921 INFO [org.hibernate.connection.DriverManagerConnectionProvider] - connection properties: {user=root, password=****}
2014-08-22 10:59:12,218 INFO [org.hibernate.cfg.SettingsFactory] - RDBMS: MySQL, version: 5.1.12-beta-community-nt
2014-08-22 10:59:12,218 INFO [org.hibernate.cfg.SettingsFactory] - JDBC driver: MySQL-AB JDBC Driver, version: mysql-connector-java-5.0.4 ( $Date: 2006-10-19 17:47:48 +0200 (Thu, 19 Oct 2006) $, $Revision: 5908 $ )
2014-08-22 10:59:12,250 INFO [org.hibernate.dialect.Dialect] - Using dialect: org.hibernate.dialect.MySQLDialect
2014-08-22 10:59:12,250 INFO [org.hibernate.transaction.TransactionFactoryFactory] - Using default transaction strategy (direct JDBC transactions)
2014-08-22 10:59:12,265 INFO [org.hibernate.transaction.TransactionManagerLookupFactory] - No TransactionManagerLookup configured (in JTA environment, use of read-write or transactional second-level cache is not recommended)
2014-08-22 10:59:12,265 INFO [org.hibernate.cfg.SettingsFactory] - Automatic flush during beforeCompletion(): disabled
2014-08-22 10:59:12,265 INFO [org.hibernate.cfg.SettingsFactory] - Automatic session close at end of transaction: disabled
2014-08-22 10:59:12,265 INFO [org.hibernate.cfg.SettingsFactory] - JDBC batch size: 15
2014-08-22 10:59:12,265 INFO [org.hibernate.cfg.SettingsFactory] - JDBC batch updates for versioned data: disabled
2014-08-22 10:59:12,265 INFO [org.hibernate.cfg.SettingsFactory] - Scrollable result sets: enabled
2014-08-22 10:59:12,265 INFO [org.hibernate.cfg.SettingsFactory] - JDBC3 getGeneratedKeys(): enabled
2014-08-22 10:59:12,265 INFO [org.hibernate.cfg.SettingsFactory] - Connection release mode: auto
2014-08-22 10:59:12,265 INFO [org.hibernate.cfg.SettingsFactory] - Maximum outer join fetch depth: 2
2014-08-22 10:59:12,265 INFO [org.hibernate.cfg.SettingsFactory] - Default batch fetch size: 1
2014-08-22 10:59:12,265 INFO [org.hibernate.cfg.SettingsFactory] - Generate SQL with comments: disabled
2014-08-22 10:59:12,265 INFO [org.hibernate.cfg.SettingsFactory] - Order SQL updates by primary key: disabled
2014-08-22 10:59:12,265 INFO [org.hibernate.cfg.SettingsFactory] - Order SQL inserts for batching: disabled
2014-08-22 10:59:12,265 INFO [org.hibernate.cfg.SettingsFactory] - Query translator: org.hibernate.hql.ast.ASTQueryTranslatorFactory
2014-08-22 10:59:12,265 INFO [org.hibernate.hql.ast.ASTQueryTranslatorFactory] - Using ASTQueryTranslatorFactory
2014-08-22 10:59:12,265 INFO [org.hibernate.cfg.SettingsFactory] - Query language substitutions: {}
2014-08-22 10:59:12,265 INFO [org.hibernate.cfg.SettingsFactory] - JPA-QL strict compliance: disabled
2014-08-22 10:59:12,265 INFO [org.hibernate.cfg.SettingsFactory] - Second-level cache: enabled
2014-08-22 10:59:12,265 INFO [org.hibernate.cfg.SettingsFactory] - Query cache: disabled
2014-08-22 10:59:12,265 INFO [org.hibernate.cfg.SettingsFactory] - Cache provider: org.hibernate.cache.NoCacheProvider
2014-08-22 10:59:12,265 INFO [org.hibernate.cfg.SettingsFactory] - Optimize cache for minimal puts: disabled
2014-08-22 10:59:12,265 INFO [org.hibernate.cfg.SettingsFactory] - Structured second-level cache entries: disabled
2014-08-22 10:59:12,281 INFO [org.hibernate.cfg.SettingsFactory] - Echoing all SQL to stdout
2014-08-22 10:59:12,281 INFO [org.hibernate.cfg.SettingsFactory] - Statistics: disabled
2014-08-22 10:59:12,281 INFO [org.hibernate.cfg.SettingsFactory] - Deleted entity synthetic identifier rollback: disabled
2014-08-22 10:59:12,281 INFO [org.hibernate.cfg.SettingsFactory] - Default entity-mode: pojo
2014-08-22 10:59:12,281 INFO [org.hibernate.cfg.SettingsFactory] - Named query checking : enabled
2014-08-22 10:59:12,343 INFO [org.hibernate.impl.SessionFactoryImpl] - building session factory
2014-08-22 10:59:12,828 INFO [org.hibernate.impl.SessionFactoryObjectFactory] - Not binding factory to JNDI, no JNDI name configured
2014-08-23 10:24:26,156 INFO [org.hibernate.cfg.Environment] - Hibernate 3.2.6
2014-08-23 10:24:26,171 INFO [org.hibernate.cfg.Environment] - hibernate.properties not found
2014-08-23 10:24:26,171 INFO [org.hibernate.cfg.Environment] - Bytecode provider name : cglib
2014-08-23 10:24:26,171 INFO [org.hibernate.cfg.Environment] - using JDK 1.4 java.sql.Timestamp handling
2014-08-23 10:24:26,218 INFO [org.hibernate.cfg.Configuration] - configuring from resource: /hibernate.cfg.xml
2014-08-23 10:24:26,218 INFO [org.hibernate.cfg.Configuration] - Configuration resource: /hibernate.cfg.xml
2014-08-23 10:24:26,390 INFO [org.hibernate.cfg.Configuration] - Reading mappings from resource : com/wepull/pojo/Person.hbm.xml
2014-08-23 10:24:26,468 INFO [org.hibernate.cfg.HbmBinder] - Mapping class: com.wepull.pojo.Person -> TPerson
2014-08-23 10:24:26,531 INFO [org.hibernate.cfg.Configuration] - Reading mappings from resource : com/wepull/pojo/IdCard.hbm.xml
2014-08-23 10:24:26,546 INFO [org.hibernate.cfg.HbmBinder] - Mapping class: com.wepull.pojo.IdCard -> TIdCard
2014-08-23 10:24:26,546 INFO [org.hibernate.cfg.Configuration] - Configured SessionFactory: null
2014-08-23 10:24:26,562 INFO [org.hibernate.dialect.Dialect] - Using dialect: org.hibernate.dialect.SQLServerDialect
2014-08-23 10:24:26,609 INFO [org.hibernate.tool.hbm2ddl.SchemaExport] - Running hbm2ddl schema export
2014-08-23 10:24:26,609 INFO [org.hibernate.tool.hbm2ddl.SchemaExport] - exporting generated schema to database
2014-08-23 10:24:26,609 INFO [org.hibernate.connection.DriverManagerConnectionProvider] - Using Hibernate built-in connection pool (not for production use!)
2014-08-23 10:24:26,609 INFO [org.hibernate.connection.DriverManagerConnectionProvider] - Hibernate connection pool size: 20
2014-08-23 10:24:26,609 INFO [org.hibernate.connection.DriverManagerConnectionProvider] - autocommit mode: false
2014-08-23 10:24:26,687 INFO [org.hibernate.connection.DriverManagerConnectionProvider] - using driver: com.microsoft.sqlserver.jdbc.SQLServerDriver at URL: jdbc:sqlserver://localhost:1433;databaseName=hibernate1_5
2014-08-23 10:24:26,687 INFO [org.hibernate.connection.DriverManagerConnectionProvider] - connection properties: {user=sa, password=****}
2014-08-23 10:24:26,765 INFO [org.hibernate.tool.hbm2ddl.SchemaExport] - schema export complete
2014-08-23 10:24:26,781 INFO [org.hibernate.connection.DriverManagerConnectionProvider] - cleaning up connection pool: jdbc:sqlserver://localhost:1433;databaseName=hibernate1_5
