2014-08-23 09:17:48,578 INFO [org.hibernate.cfg.Environment] - Hibernate 3.2.6
2014-08-23 09:17:48,578 INFO [org.hibernate.cfg.Environment] - hibernate.properties not found
2014-08-23 09:17:48,593 INFO [org.hibernate.cfg.Environment] - Bytecode provider name : cglib
2014-08-23 09:17:48,593 INFO [org.hibernate.cfg.Environment] - using JDK 1.4 java.sql.Timestamp handling
2014-08-23 09:17:48,640 INFO [org.hibernate.cfg.Configuration] - configuring from resource: /hibernate.cfg.xml
2014-08-23 09:17:48,640 INFO [org.hibernate.cfg.Configuration] - Configuration resource: /hibernate.cfg.xml
2014-08-23 09:17:48,812 INFO [org.hibernate.cfg.Configuration] - Reading mappings from resource : com/wepull/pojo/Person.hbm.xml
2014-08-23 09:17:48,890 INFO [org.hibernate.cfg.HbmBinder] - Mapping class: com.wepull.pojo.Person -> TPerson
2014-08-23 09:17:48,953 INFO [org.hibernate.cfg.Configuration] - Reading mappings from resource : com/wepull/pojo/IdCard.hbm.xml
2014-08-23 09:17:48,968 INFO [org.hibernate.cfg.HbmBinder] - Mapping class: com.wepull.pojo.IdCard -> TIdCard
2014-08-23 09:17:48,968 INFO [org.hibernate.cfg.Configuration] - Configured SessionFactory: null
2014-08-23 09:17:48,968 INFO [org.hibernate.connection.DriverManagerConnectionProvider] - Using Hibernate built-in connection pool (not for production use!)
2014-08-23 09:17:48,968 INFO [org.hibernate.connection.DriverManagerConnectionProvider] - Hibernate connection pool size: 20
2014-08-23 09:17:48,968 INFO [org.hibernate.connection.DriverManagerConnectionProvider] - autocommit mode: false
2014-08-23 09:17:49,046 INFO [org.hibernate.connection.DriverManagerConnectionProvider] - using driver: com.microsoft.sqlserver.jdbc.SQLServerDriver at URL: jdbc:sqlserver://localhost:1433;databaseName=hibernate1_3
2014-08-23 09:17:49,046 INFO [org.hibernate.connection.DriverManagerConnectionProvider] - connection properties: {user=sa, password=****}
2014-08-23 09:17:49,140 INFO [org.hibernate.cfg.SettingsFactory] - RDBMS: Microsoft SQL Server, version: 9.00.1399
2014-08-23 09:17:49,140 INFO [org.hibernate.cfg.SettingsFactory] - JDBC driver: Microsoft SQL Server 2005 JDBC Driver, version: 1.1.1501.101
2014-08-23 09:17:49,140 INFO [org.hibernate.dialect.Dialect] - Using dialect: org.hibernate.dialect.SQLServerDialect
2014-08-23 09:17:49,156 INFO [org.hibernate.transaction.TransactionFactoryFactory] - Using default transaction strategy (direct JDBC transactions)
2014-08-23 09:17:49,156 INFO [org.hibernate.transaction.TransactionManagerLookupFactory] - No TransactionManagerLookup configured (in JTA environment, use of read-write or transactional second-level cache is not recommended)
2014-08-23 09:17:49,156 INFO [org.hibernate.cfg.SettingsFactory] - Automatic flush during beforeCompletion(): disabled
2014-08-23 09:17:49,156 INFO [org.hibernate.cfg.SettingsFactory] - Automatic session close at end of transaction: disabled
2014-08-23 09:17:49,156 INFO [org.hibernate.cfg.SettingsFactory] - Scrollable result sets: enabled
2014-08-23 09:17:49,156 INFO [org.hibernate.cfg.SettingsFactory] - JDBC3 getGeneratedKeys(): enabled
2014-08-23 09:17:49,156 INFO [org.hibernate.cfg.SettingsFactory] - Connection release mode: auto
2014-08-23 09:17:49,156 INFO [org.hibernate.cfg.SettingsFactory] - Default batch fetch size: 1
2014-08-23 09:17:49,156 INFO [org.hibernate.cfg.SettingsFactory] - Generate SQL with comments: disabled
2014-08-23 09:17:49,156 INFO [org.hibernate.cfg.SettingsFactory] - Order SQL updates by primary key: disabled
2014-08-23 09:17:49,156 INFO [org.hibernate.cfg.SettingsFactory] - Order SQL inserts for batching: disabled
2014-08-23 09:17:49,156 INFO [org.hibernate.cfg.SettingsFactory] - Query translator: org.hibernate.hql.ast.ASTQueryTranslatorFactory
2014-08-23 09:17:49,156 INFO [org.hibernate.hql.ast.ASTQueryTranslatorFactory] - Using ASTQueryTranslatorFactory
2014-08-23 09:17:49,156 INFO [org.hibernate.cfg.SettingsFactory] - Query language substitutions: {}
2014-08-23 09:17:49,156 INFO [org.hibernate.cfg.SettingsFactory] - JPA-QL strict compliance: disabled
2014-08-23 09:17:49,156 INFO [org.hibernate.cfg.SettingsFactory] - Second-level cache: enabled
2014-08-23 09:17:49,156 INFO [org.hibernate.cfg.SettingsFactory] - Query cache: disabled
2014-08-23 09:17:49,156 INFO [org.hibernate.cfg.SettingsFactory] - Cache provider: org.hibernate.cache.NoCacheProvider
2014-08-23 09:17:49,156 INFO [org.hibernate.cfg.SettingsFactory] - Optimize cache for minimal puts: disabled
2014-08-23 09:17:49,156 INFO [org.hibernate.cfg.SettingsFactory] - Structured second-level cache entries: disabled
2014-08-23 09:17:49,156 INFO [org.hibernate.cfg.SettingsFactory] - Echoing all SQL to stdout
2014-08-23 09:17:49,156 INFO [org.hibernate.cfg.SettingsFactory] - Statistics: disabled
2014-08-23 09:17:49,156 INFO [org.hibernate.cfg.SettingsFactory] - Deleted entity synthetic identifier rollback: disabled
2014-08-23 09:17:49,156 INFO [org.hibernate.cfg.SettingsFactory] - Default entity-mode: pojo
2014-08-23 09:17:49,156 INFO [org.hibernate.cfg.SettingsFactory] - Named query checking : enabled
2014-08-23 09:17:49,187 INFO [org.hibernate.impl.SessionFactoryImpl] - building session factory
2014-08-23 09:17:49,406 INFO [org.hibernate.impl.SessionFactoryObjectFactory] - Not binding factory to JNDI, no JNDI name configured
2014-08-23 09:18:51,609 INFO [org.hibernate.cfg.Environment] - Hibernate 3.2.6
2014-08-23 09:18:51,609 INFO [org.hibernate.cfg.Environment] - hibernate.properties not found
2014-08-23 09:18:51,609 INFO [org.hibernate.cfg.Environment] - Bytecode provider name : cglib
2014-08-23 09:18:51,609 INFO [org.hibernate.cfg.Environment] - using JDK 1.4 java.sql.Timestamp handling
2014-08-23 09:18:51,656 INFO [org.hibernate.cfg.Configuration] - configuring from resource: /hibernate.cfg.xml
2014-08-23 09:18:51,656 INFO [org.hibernate.cfg.Configuration] - Configuration resource: /hibernate.cfg.xml
2014-08-23 09:18:51,843 INFO [org.hibernate.cfg.Configuration] - Reading mappings from resource : com/wepull/pojo/Person.hbm.xml
2014-08-23 09:18:51,906 INFO [org.hibernate.cfg.HbmBinder] - Mapping class: com.wepull.pojo.Person -> TPerson
2014-08-23 09:18:51,984 INFO [org.hibernate.cfg.Configuration] - Reading mappings from resource : com/wepull/pojo/IdCard.hbm.xml
2014-08-23 09:18:52,000 INFO [org.hibernate.cfg.HbmBinder] - Mapping class: com.wepull.pojo.IdCard -> TIdCard
2014-08-23 09:18:52,000 INFO [org.hibernate.cfg.Configuration] - Configured SessionFactory: null
2014-08-23 09:18:52,000 INFO [org.hibernate.connection.DriverManagerConnectionProvider] - Using Hibernate built-in connection pool (not for production use!)
2014-08-23 09:18:52,000 INFO [org.hibernate.connection.DriverManagerConnectionProvider] - Hibernate connection pool size: 20
2014-08-23 09:18:52,000 INFO [org.hibernate.connection.DriverManagerConnectionProvider] - autocommit mode: false
2014-08-23 09:18:52,078 INFO [org.hibernate.connection.DriverManagerConnectionProvider] - using driver: com.microsoft.sqlserver.jdbc.SQLServerDriver at URL: jdbc:sqlserver://localhost:1433;databaseName=hibernate1_3
2014-08-23 09:18:52,078 INFO [org.hibernate.connection.DriverManagerConnectionProvider] - connection properties: {user=sa, password=****}
2014-08-23 09:18:52,171 INFO [org.hibernate.cfg.SettingsFactory] - RDBMS: Microsoft SQL Server, version: 9.00.1399
2014-08-23 09:18:52,171 INFO [org.hibernate.cfg.SettingsFactory] - JDBC driver: Microsoft SQL Server 2005 JDBC Driver, version: 1.1.1501.101
2014-08-23 09:18:52,171 INFO [org.hibernate.dialect.Dialect] - Using dialect: org.hibernate.dialect.SQLServerDialect
2014-08-23 09:18:52,187 INFO [org.hibernate.transaction.TransactionFactoryFactory] - Using default transaction strategy (direct JDBC transactions)
2014-08-23 09:18:52,187 INFO [org.hibernate.transaction.TransactionManagerLookupFactory] - No TransactionManagerLookup configured (in JTA environment, use of read-write or transactional second-level cache is not recommended)
2014-08-23 09:18:52,187 INFO [org.hibernate.cfg.SettingsFactory] - Automatic flush during beforeCompletion(): disabled
2014-08-23 09:18:52,187 INFO [org.hibernate.cfg.SettingsFactory] - Automatic session close at end of transaction: disabled
2014-08-23 09:18:52,187 INFO [org.hibernate.cfg.SettingsFactory] - Scrollable result sets: enabled
2014-08-23 09:18:52,187 INFO [org.hibernate.cfg.SettingsFactory] - JDBC3 getGeneratedKeys(): enabled
2014-08-23 09:18:52,187 INFO [org.hibernate.cfg.SettingsFactory] - Connection release mode: auto
2014-08-23 09:18:52,187 INFO [org.hibernate.cfg.SettingsFactory] - Default batch fetch size: 1
2014-08-23 09:18:52,187 INFO [org.hibernate.cfg.SettingsFactory] - Generate SQL with comments: disabled
2014-08-23 09:18:52,187 INFO [org.hibernate.cfg.SettingsFactory] - Order SQL updates by primary key: disabled
2014-08-23 09:18:52,187 INFO [org.hibernate.cfg.SettingsFactory] - Order SQL inserts for batching: disabled
2014-08-23 09:18:52,187 INFO [org.hibernate.cfg.SettingsFactory] - Query translator: org.hibernate.hql.ast.ASTQueryTranslatorFactory
2014-08-23 09:18:52,187 INFO [org.hibernate.hql.ast.ASTQueryTranslatorFactory] - Using ASTQueryTranslatorFactory
2014-08-23 09:18:52,187 INFO [org.hibernate.cfg.SettingsFactory] - Query language substitutions: {}
2014-08-23 09:18:52,187 INFO [org.hibernate.cfg.SettingsFactory] - JPA-QL strict compliance: disabled
2014-08-23 09:18:52,187 INFO [org.hibernate.cfg.SettingsFactory] - Second-level cache: enabled
2014-08-23 09:18:52,187 INFO [org.hibernate.cfg.SettingsFactory] - Query cache: disabled
2014-08-23 09:18:52,187 INFO [org.hibernate.cfg.SettingsFactory] - Cache provider: org.hibernate.cache.NoCacheProvider
2014-08-23 09:18:52,187 INFO [org.hibernate.cfg.SettingsFactory] - Optimize cache for minimal puts: disabled
2014-08-23 09:18:52,187 INFO [org.hibernate.cfg.SettingsFactory] - Structured second-level cache entries: disabled
2014-08-23 09:18:52,187 INFO [org.hibernate.cfg.SettingsFactory] - Echoing all SQL to stdout
2014-08-23 09:18:52,187 INFO [org.hibernate.cfg.SettingsFactory] - Statistics: disabled
2014-08-23 09:18:52,187 INFO [org.hibernate.cfg.SettingsFactory] - Deleted entity synthetic identifier rollback: disabled
2014-08-23 09:18:52,187 INFO [org.hibernate.cfg.SettingsFactory] - Default entity-mode: pojo
2014-08-23 09:18:52,187 INFO [org.hibernate.cfg.SettingsFactory] - Named query checking : enabled
2014-08-23 09:18:52,218 INFO [org.hibernate.impl.SessionFactoryImpl] - building session factory
2014-08-23 09:18:52,437 INFO [org.hibernate.impl.SessionFactoryObjectFactory] - Not binding factory to JNDI, no JNDI name configured
2014-08-23 09:19:38,609 INFO [org.hibernate.cfg.Environment] - Hibernate 3.2.6
2014-08-23 09:19:38,609 INFO [org.hibernate.cfg.Environment] - hibernate.properties not found
2014-08-23 09:19:38,609 INFO [org.hibernate.cfg.Environment] - Bytecode provider name : cglib
2014-08-23 09:19:38,625 INFO [org.hibernate.cfg.Environment] - using JDK 1.4 java.sql.Timestamp handling
2014-08-23 09:19:38,671 INFO [org.hibernate.cfg.Configuration] - configuring from resource: /hibernate.cfg.xml
2014-08-23 09:19:38,671 INFO [org.hibernate.cfg.Configuration] - Configuration resource: /hibernate.cfg.xml
2014-08-23 09:19:38,859 INFO [org.hibernate.cfg.Configuration] - Reading mappings from resource : com/wepull/pojo/Person.hbm.xml
2014-08-23 09:19:38,921 INFO [org.hibernate.cfg.HbmBinder] - Mapping class: com.wepull.pojo.Person -> TPerson
2014-08-23 09:19:38,984 INFO [org.hibernate.cfg.Configuration] - Reading mappings from resource : com/wepull/pojo/IdCard.hbm.xml
2014-08-23 09:19:39,000 INFO [org.hibernate.cfg.HbmBinder] - Mapping class: com.wepull.pojo.IdCard -> TIdCard
2014-08-23 09:19:39,000 INFO [org.hibernate.cfg.Configuration] - Configured SessionFactory: null
2014-08-23 09:19:39,000 INFO [org.hibernate.connection.DriverManagerConnectionProvider] - Using Hibernate built-in connection pool (not for production use!)
2014-08-23 09:19:39,000 INFO [org.hibernate.connection.DriverManagerConnectionProvider] - Hibernate connection pool size: 20
2014-08-23 09:19:39,000 INFO [org.hibernate.connection.DriverManagerConnectionProvider] - autocommit mode: false
2014-08-23 09:19:39,093 INFO [org.hibernate.connection.DriverManagerConnectionProvider] - using driver: com.microsoft.sqlserver.jdbc.SQLServerDriver at URL: jdbc:sqlserver://localhost:1433;databaseName=hibernate1_3
2014-08-23 09:19:39,093 INFO [org.hibernate.connection.DriverManagerConnectionProvider] - connection properties: {user=sa, password=****}
2014-08-23 09:19:39,171 INFO [org.hibernate.cfg.SettingsFactory] - RDBMS: Microsoft SQL Server, version: 9.00.1399
2014-08-23 09:19:39,171 INFO [org.hibernate.cfg.SettingsFactory] - JDBC driver: Microsoft SQL Server 2005 JDBC Driver, version: 1.1.1501.101
2014-08-23 09:19:39,187 INFO [org.hibernate.dialect.Dialect] - Using dialect: org.hibernate.dialect.SQLServerDialect
2014-08-23 09:19:39,187 INFO [org.hibernate.transaction.TransactionFactoryFactory] - Using default transaction strategy (direct JDBC transactions)
2014-08-23 09:19:39,187 INFO [org.hibernate.transaction.TransactionManagerLookupFactory] - No TransactionManagerLookup configured (in JTA environment, use of read-write or transactional second-level cache is not recommended)
2014-08-23 09:19:39,187 INFO [org.hibernate.cfg.SettingsFactory] - Automatic flush during beforeCompletion(): disabled
2014-08-23 09:19:39,187 INFO [org.hibernate.cfg.SettingsFactory] - Automatic session close at end of transaction: disabled
2014-08-23 09:19:39,187 INFO [org.hibernate.cfg.SettingsFactory] - Scrollable result sets: enabled
2014-08-23 09:19:39,187 INFO [org.hibernate.cfg.SettingsFactory] - JDBC3 getGeneratedKeys(): enabled
2014-08-23 09:19:39,187 INFO [org.hibernate.cfg.SettingsFactory] - Connection release mode: auto
2014-08-23 09:19:39,187 INFO [org.hibernate.cfg.SettingsFactory] - Default batch fetch size: 1
2014-08-23 09:19:39,187 INFO [org.hibernate.cfg.SettingsFactory] - Generate SQL with comments: disabled
2014-08-23 09:19:39,187 INFO [org.hibernate.cfg.SettingsFactory] - Order SQL updates by primary key: disabled
2014-08-23 09:19:39,187 INFO [org.hibernate.cfg.SettingsFactory] - Order SQL inserts for batching: disabled
2014-08-23 09:19:39,187 INFO [org.hibernate.cfg.SettingsFactory] - Query translator: org.hibernate.hql.ast.ASTQueryTranslatorFactory
2014-08-23 09:19:39,187 INFO [org.hibernate.hql.ast.ASTQueryTranslatorFactory] - Using ASTQueryTranslatorFactory
2014-08-23 09:19:39,187 INFO [org.hibernate.cfg.SettingsFactory] - Query language substitutions: {}
2014-08-23 09:19:39,187 INFO [org.hibernate.cfg.SettingsFactory] - JPA-QL strict compliance: disabled
2014-08-23 09:19:39,187 INFO [org.hibernate.cfg.SettingsFactory] - Second-level cache: enabled
2014-08-23 09:19:39,187 INFO [org.hibernate.cfg.SettingsFactory] - Query cache: disabled
2014-08-23 09:19:39,187 INFO [org.hibernate.cfg.SettingsFactory] - Cache provider: org.hibernate.cache.NoCacheProvider
2014-08-23 09:19:39,187 INFO [org.hibernate.cfg.SettingsFactory] - Optimize cache for minimal puts: disabled
2014-08-23 09:19:39,187 INFO [org.hibernate.cfg.SettingsFactory] - Structured second-level cache entries: disabled
2014-08-23 09:19:39,187 INFO [org.hibernate.cfg.SettingsFactory] - Echoing all SQL to stdout
2014-08-23 09:19:39,187 INFO [org.hibernate.cfg.SettingsFactory] - Statistics: disabled
2014-08-23 09:19:39,187 INFO [org.hibernate.cfg.SettingsFactory] - Deleted entity synthetic identifier rollback: disabled
2014-08-23 09:19:39,203 INFO [org.hibernate.cfg.SettingsFactory] - Default entity-mode: pojo
2014-08-23 09:19:39,203 INFO [org.hibernate.cfg.SettingsFactory] - Named query checking : enabled
2014-08-23 09:19:39,218 INFO [org.hibernate.impl.SessionFactoryImpl] - building session factory
2014-08-23 09:19:39,437 INFO [org.hibernate.impl.SessionFactoryObjectFactory] - Not binding factory to JNDI, no JNDI name configured
2014-08-23 09:21:27,437 INFO [org.hibernate.cfg.Environment] - Hibernate 3.2.6
2014-08-23 09:21:27,437 INFO [org.hibernate.cfg.Environment] - hibernate.properties not found
2014-08-23 09:21:27,437 INFO [org.hibernate.cfg.Environment] - Bytecode provider name : cglib
2014-08-23 09:21:27,453 INFO [org.hibernate.cfg.Environment] - using JDK 1.4 java.sql.Timestamp handling
2014-08-23 09:21:27,500 INFO [org.hibernate.cfg.Configuration] - configuring from resource: /hibernate.cfg.xml
2014-08-23 09:21:27,500 INFO [org.hibernate.cfg.Configuration] - Configuration resource: /hibernate.cfg.xml
2014-08-23 09:21:27,687 INFO [org.hibernate.cfg.Configuration] - Reading mappings from resource : com/wepull/pojo/Person.hbm.xml
2014-08-23 09:21:27,750 INFO [org.hibernate.cfg.HbmBinder] - Mapping class: com.wepull.pojo.Person -> TPerson
2014-08-23 09:21:27,812 INFO [org.hibernate.cfg.Configuration] - Reading mappings from resource : com/wepull/pojo/IdCard.hbm.xml
2014-08-23 09:21:27,828 INFO [org.hibernate.cfg.HbmBinder] - Mapping class: com.wepull.pojo.IdCard -> TIdCard
2014-08-23 09:21:27,828 INFO [org.hibernate.cfg.Configuration] - Configured SessionFactory: null
2014-08-23 09:21:27,843 INFO [org.hibernate.connection.DriverManagerConnectionProvider] - Using Hibernate built-in connection pool (not for production use!)
2014-08-23 09:21:27,843 INFO [org.hibernate.connection.DriverManagerConnectionProvider] - Hibernate connection pool size: 20
2014-08-23 09:21:27,843 INFO [org.hibernate.connection.DriverManagerConnectionProvider] - autocommit mode: false
2014-08-23 09:21:27,921 INFO [org.hibernate.connection.DriverManagerConnectionProvider] - using driver: com.microsoft.sqlserver.jdbc.SQLServerDriver at URL: jdbc:sqlserver://localhost:1433;databaseName=hibernate1_3
2014-08-23 09:21:27,921 INFO [org.hibernate.connection.DriverManagerConnectionProvider] - connection properties: {user=sa, password=****}
2014-08-23 09:21:27,984 INFO [org.hibernate.cfg.SettingsFactory] - RDBMS: Microsoft SQL Server, version: 9.00.1399
2014-08-23 09:21:27,984 INFO [org.hibernate.cfg.SettingsFactory] - JDBC driver: Microsoft SQL Server 2005 JDBC Driver, version: 1.1.1501.101
2014-08-23 09:21:28,000 INFO [org.hibernate.dialect.Dialect] - Using dialect: org.hibernate.dialect.SQLServerDialect
2014-08-23 09:21:28,000 INFO [org.hibernate.transaction.TransactionFactoryFactory] - Using default transaction strategy (direct JDBC transactions)
2014-08-23 09:21:28,015 INFO [org.hibernate.transaction.TransactionManagerLookupFactory] - No TransactionManagerLookup configured (in JTA environment, use of read-write or transactional second-level cache is not recommended)
2014-08-23 09:21:28,015 INFO [org.hibernate.cfg.SettingsFactory] - Automatic flush during beforeCompletion(): disabled
2014-08-23 09:21:28,015 INFO [org.hibernate.cfg.SettingsFactory] - Automatic session close at end of transaction: disabled
2014-08-23 09:21:28,015 INFO [org.hibernate.cfg.SettingsFactory] - Scrollable result sets: enabled
2014-08-23 09:21:28,015 INFO [org.hibernate.cfg.SettingsFactory] - JDBC3 getGeneratedKeys(): enabled
2014-08-23 09:21:28,015 INFO [org.hibernate.cfg.SettingsFactory] - Connection release mode: auto
2014-08-23 09:21:28,015 INFO [org.hibernate.cfg.SettingsFactory] - Default batch fetch size: 1
2014-08-23 09:21:28,015 INFO [org.hibernate.cfg.SettingsFactory] - Generate SQL with comments: disabled
2014-08-23 09:21:28,015 INFO [org.hibernate.cfg.SettingsFactory] - Order SQL updates by primary key: disabled
2014-08-23 09:21:28,015 INFO [org.hibernate.cfg.SettingsFactory] - Order SQL inserts for batching: disabled
2014-08-23 09:21:28,015 INFO [org.hibernate.cfg.SettingsFactory] - Query translator: org.hibernate.hql.ast.ASTQueryTranslatorFactory
2014-08-23 09:21:28,015 INFO [org.hibernate.hql.ast.ASTQueryTranslatorFactory] - Using ASTQueryTranslatorFactory
2014-08-23 09:21:28,015 INFO [org.hibernate.cfg.SettingsFactory] - Query language substitutions: {}
2014-08-23 09:21:28,015 INFO [org.hibernate.cfg.SettingsFactory] - JPA-QL strict compliance: disabled
2014-08-23 09:21:28,015 INFO [org.hibernate.cfg.SettingsFactory] - Second-level cache: enabled
2014-08-23 09:21:28,015 INFO [org.hibernate.cfg.SettingsFactory] - Query cache: disabled
2014-08-23 09:21:28,015 INFO [org.hibernate.cfg.SettingsFactory] - Cache provider: org.hibernate.cache.NoCacheProvider
2014-08-23 09:21:28,015 INFO [org.hibernate.cfg.SettingsFactory] - Optimize cache for minimal puts: disabled
2014-08-23 09:21:28,015 INFO [org.hibernate.cfg.SettingsFactory] - Structured second-level cache entries: disabled
2014-08-23 09:21:28,015 INFO [org.hibernate.cfg.SettingsFactory] - Echoing all SQL to stdout
2014-08-23 09:21:28,015 INFO [org.hibernate.cfg.SettingsFactory] - Statistics: disabled
2014-08-23 09:21:28,015 INFO [org.hibernate.cfg.SettingsFactory] - Deleted entity synthetic identifier rollback: disabled
2014-08-23 09:21:28,015 INFO [org.hibernate.cfg.SettingsFactory] - Default entity-mode: pojo
2014-08-23 09:21:28,015 INFO [org.hibernate.cfg.SettingsFactory] - Named query checking : enabled
2014-08-23 09:21:28,046 INFO [org.hibernate.impl.SessionFactoryImpl] - building session factory
2014-08-23 09:21:28,250 INFO [org.hibernate.impl.SessionFactoryObjectFactory] - Not binding factory to JNDI, no JNDI name configured
2014-08-23 09:21:28,515 WARN [org.hibernate.util.JDBCExceptionReporter] - SQL Error: 547, SQLState: 23000
2014-08-23 09:21:28,515 ERROR [org.hibernate.util.JDBCExceptionReporter] - DELETE 语句与 REFERENCE 约束"FKE9D3F8C9D1B08FE2"冲突。该冲突发生于数据库"hibernate1_3"，表"dbo.TPerson", column 'id'。
2014-08-23 09:21:28,546 ERROR [org.hibernate.event.def.AbstractFlushingEventListener] - Could not synchronize database state with session
org.hibernate.exception.ConstraintViolationException: could not delete: [com.wepull.pojo.IdCard#1]
	at org.hibernate.exception.SQLStateConverter.convert(SQLStateConverter.java:71)
	at org.hibernate.exception.JDBCExceptionHelper.convert(JDBCExceptionHelper.java:43)
	at org.hibernate.persister.entity.AbstractEntityPersister.delete(AbstractEntityPersister.java:2546)
	at org.hibernate.persister.entity.AbstractEntityPersister.delete(AbstractEntityPersister.java:2702)
	at org.hibernate.action.EntityDeleteAction.execute(EntityDeleteAction.java:77)
	at org.hibernate.engine.ActionQueue.execute(ActionQueue.java:279)
	at org.hibernate.engine.ActionQueue.executeActions(ActionQueue.java:263)
	at org.hibernate.engine.ActionQueue.executeActions(ActionQueue.java:172)
	at org.hibernate.event.def.AbstractFlushingEventListener.performExecutions(AbstractFlushingEventListener.java:298)
	at org.hibernate.event.def.DefaultFlushEventListener.onFlush(DefaultFlushEventListener.java:27)
	at org.hibernate.impl.SessionImpl.flush(SessionImpl.java:1000)
	at org.hibernate.impl.SessionImpl.managedFlush(SessionImpl.java:338)
	at org.hibernate.transaction.JDBCTransaction.commit(JDBCTransaction.java:106)
	at com.wepull.hib.TestHib.delete(TestHib.java:85)
	at sun.reflect.NativeMethodAccessorImpl.invoke0(Native Method)
	at sun.reflect.NativeMethodAccessorImpl.invoke(NativeMethodAccessorImpl.java:39)
	at sun.reflect.DelegatingMethodAccessorImpl.invoke(DelegatingMethodAccessorImpl.java:25)
	at java.lang.reflect.Method.invoke(Method.java:597)
	at junit.framework.TestCase.runTest(TestCase.java:154)
	at junit.framework.TestCase.runBare(TestCase.java:127)
	at junit.framework.TestResult$1.protect(TestResult.java:106)
	at junit.framework.TestResult.runProtected(TestResult.java:124)
	at junit.framework.TestResult.run(TestResult.java:109)
	at junit.framework.TestCase.run(TestCase.java:118)
	at org.eclipse.jdt.internal.junit.runner.junit3.JUnit3TestReference.run(JUnit3TestReference.java:130)
	at org.eclipse.jdt.internal.junit.runner.TestExecution.run(TestExecution.java:38)
	at org.eclipse.jdt.internal.junit.runner.RemoteTestRunner.runTests(RemoteTestRunner.java:467)
	at org.eclipse.jdt.internal.junit.runner.RemoteTestRunner.runTests(RemoteTestRunner.java:683)
	at org.eclipse.jdt.internal.junit.runner.RemoteTestRunner.run(RemoteTestRunner.java:390)
	at org.eclipse.jdt.internal.junit.runner.RemoteTestRunner.main(RemoteTestRunner.java:197)
Caused by: com.microsoft.sqlserver.jdbc.SQLServerException: DELETE 语句与 REFERENCE 约束"FKE9D3F8C9D1B08FE2"冲突。该冲突发生于数据库"hibernate1_3"，表"dbo.TPerson", column 'id'。
	at com.microsoft.sqlserver.jdbc.SQLServerException.makeFromDatabaseError(Unknown Source)
	at com.microsoft.sqlserver.jdbc.IOBuffer.processPackets(Unknown Source)
	at com.microsoft.sqlserver.jdbc.SQLServerPreparedStatement.getPrepExecResponse(Unknown Source)
	at com.microsoft.sqlserver.jdbc.SQLServerPreparedStatement.doExecutePreparedStatement(Unknown Source)
	at com.microsoft.sqlserver.jdbc.SQLServerPreparedStatement$PreparedStatementExecutionRequest.executeStatement(Unknown Source)
	at com.microsoft.sqlserver.jdbc.CancelableRequest.execute(Unknown Source)
	at com.microsoft.sqlserver.jdbc.SQLServerConnection.executeRequest(Unknown Source)
	at com.microsoft.sqlserver.jdbc.SQLServerPreparedStatement.executeUpdate(Unknown Source)
	at org.hibernate.jdbc.NonBatchingBatcher.addToBatch(NonBatchingBatcher.java:23)
	at org.hibernate.persister.entity.AbstractEntityPersister.delete(AbstractEntityPersister.java:2525)
	... 27 more
2014-08-23 09:28:20,437 INFO [org.hibernate.cfg.Environment] - Hibernate 3.2.6
2014-08-23 09:28:20,437 INFO [org.hibernate.cfg.Environment] - hibernate.properties not found
2014-08-23 09:28:20,437 INFO [org.hibernate.cfg.Environment] - Bytecode provider name : cglib
2014-08-23 09:28:20,453 INFO [org.hibernate.cfg.Environment] - using JDK 1.4 java.sql.Timestamp handling
2014-08-23 09:28:20,500 INFO [org.hibernate.cfg.Configuration] - configuring from resource: /hibernate.cfg.xml
2014-08-23 09:28:20,500 INFO [org.hibernate.cfg.Configuration] - Configuration resource: /hibernate.cfg.xml
2014-08-23 09:28:20,687 INFO [org.hibernate.cfg.Configuration] - Reading mappings from resource : com/wepull/pojo/Person.hbm.xml
2014-08-23 09:28:20,765 INFO [org.hibernate.cfg.HbmBinder] - Mapping class: com.wepull.pojo.Person -> TPerson
2014-08-23 09:28:20,828 INFO [org.hibernate.cfg.Configuration] - Reading mappings from resource : com/wepull/pojo/IdCard.hbm.xml
2014-08-23 09:28:20,843 INFO [org.hibernate.cfg.HbmBinder] - Mapping class: com.wepull.pojo.IdCard -> TIdCard
2014-08-23 09:28:20,843 INFO [org.hibernate.cfg.Configuration] - Configured SessionFactory: null
2014-08-23 09:28:20,859 INFO [org.hibernate.connection.DriverManagerConnectionProvider] - Using Hibernate built-in connection pool (not for production use!)
2014-08-23 09:28:20,859 INFO [org.hibernate.connection.DriverManagerConnectionProvider] - Hibernate connection pool size: 20
2014-08-23 09:28:20,859 INFO [org.hibernate.connection.DriverManagerConnectionProvider] - autocommit mode: false
2014-08-23 09:28:20,937 INFO [org.hibernate.connection.DriverManagerConnectionProvider] - using driver: com.microsoft.sqlserver.jdbc.SQLServerDriver at URL: jdbc:sqlserver://localhost:1433;databaseName=hibernate1_3
2014-08-23 09:28:20,937 INFO [org.hibernate.connection.DriverManagerConnectionProvider] - connection properties: {user=sa, password=****}
2014-08-23 09:28:21,015 INFO [org.hibernate.cfg.SettingsFactory] - RDBMS: Microsoft SQL Server, version: 9.00.1399
2014-08-23 09:28:21,015 INFO [org.hibernate.cfg.SettingsFactory] - JDBC driver: Microsoft SQL Server 2005 JDBC Driver, version: 1.1.1501.101
2014-08-23 09:28:21,031 INFO [org.hibernate.dialect.Dialect] - Using dialect: org.hibernate.dialect.SQLServerDialect
2014-08-23 09:28:21,046 INFO [org.hibernate.transaction.TransactionFactoryFactory] - Using default transaction strategy (direct JDBC transactions)
2014-08-23 09:28:21,046 INFO [org.hibernate.transaction.TransactionManagerLookupFactory] - No TransactionManagerLookup configured (in JTA environment, use of read-write or transactional second-level cache is not recommended)
2014-08-23 09:28:21,046 INFO [org.hibernate.cfg.SettingsFactory] - Automatic flush during beforeCompletion(): disabled
2014-08-23 09:28:21,046 INFO [org.hibernate.cfg.SettingsFactory] - Automatic session close at end of transaction: disabled
2014-08-23 09:28:21,046 INFO [org.hibernate.cfg.SettingsFactory] - Scrollable result sets: enabled
2014-08-23 09:28:21,046 INFO [org.hibernate.cfg.SettingsFactory] - JDBC3 getGeneratedKeys(): enabled
2014-08-23 09:28:21,046 INFO [org.hibernate.cfg.SettingsFactory] - Connection release mode: auto
2014-08-23 09:28:21,046 INFO [org.hibernate.cfg.SettingsFactory] - Default batch fetch size: 1
2014-08-23 09:28:21,046 INFO [org.hibernate.cfg.SettingsFactory] - Generate SQL with comments: disabled
2014-08-23 09:28:21,046 INFO [org.hibernate.cfg.SettingsFactory] - Order SQL updates by primary key: disabled
2014-08-23 09:28:21,046 INFO [org.hibernate.cfg.SettingsFactory] - Order SQL inserts for batching: disabled
2014-08-23 09:28:21,046 INFO [org.hibernate.cfg.SettingsFactory] - Query translator: org.hibernate.hql.ast.ASTQueryTranslatorFactory
2014-08-23 09:28:21,046 INFO [org.hibernate.hql.ast.ASTQueryTranslatorFactory] - Using ASTQueryTranslatorFactory
2014-08-23 09:28:21,046 INFO [org.hibernate.cfg.SettingsFactory] - Query language substitutions: {}
2014-08-23 09:28:21,046 INFO [org.hibernate.cfg.SettingsFactory] - JPA-QL strict compliance: disabled
2014-08-23 09:28:21,046 INFO [org.hibernate.cfg.SettingsFactory] - Second-level cache: enabled
2014-08-23 09:28:21,046 INFO [org.hibernate.cfg.SettingsFactory] - Query cache: disabled
2014-08-23 09:28:21,046 INFO [org.hibernate.cfg.SettingsFactory] - Cache provider: org.hibernate.cache.NoCacheProvider
2014-08-23 09:28:21,046 INFO [org.hibernate.cfg.SettingsFactory] - Optimize cache for minimal puts: disabled
2014-08-23 09:28:21,046 INFO [org.hibernate.cfg.SettingsFactory] - Structured second-level cache entries: disabled
2014-08-23 09:28:21,046 INFO [org.hibernate.cfg.SettingsFactory] - Echoing all SQL to stdout
2014-08-23 09:28:21,046 INFO [org.hibernate.cfg.SettingsFactory] - Statistics: disabled
2014-08-23 09:28:21,046 INFO [org.hibernate.cfg.SettingsFactory] - Deleted entity synthetic identifier rollback: disabled
2014-08-23 09:28:21,046 INFO [org.hibernate.cfg.SettingsFactory] - Default entity-mode: pojo
2014-08-23 09:28:21,046 INFO [org.hibernate.cfg.SettingsFactory] - Named query checking : enabled
2014-08-23 09:28:21,078 INFO [org.hibernate.impl.SessionFactoryImpl] - building session factory
2014-08-23 09:28:21,312 INFO [org.hibernate.impl.SessionFactoryObjectFactory] - Not binding factory to JNDI, no JNDI name configured
2014-08-23 09:30:36,140 INFO [org.hibernate.cfg.Environment] - Hibernate 3.2.6
2014-08-23 09:30:36,140 INFO [org.hibernate.cfg.Environment] - hibernate.properties not found
2014-08-23 09:30:36,156 INFO [org.hibernate.cfg.Environment] - Bytecode provider name : cglib
2014-08-23 09:30:36,156 INFO [org.hibernate.cfg.Environment] - using JDK 1.4 java.sql.Timestamp handling
2014-08-23 09:30:36,203 INFO [org.hibernate.cfg.Configuration] - configuring from resource: /hibernate.cfg.xml
2014-08-23 09:30:36,203 INFO [org.hibernate.cfg.Configuration] - Configuration resource: /hibernate.cfg.xml
2014-08-23 09:30:36,390 INFO [org.hibernate.cfg.Configuration] - Reading mappings from resource : com/wepull/pojo/Person.hbm.xml
2014-08-23 09:30:36,468 INFO [org.hibernate.cfg.HbmBinder] - Mapping class: com.wepull.pojo.Person -> TPerson
2014-08-23 09:30:36,531 INFO [org.hibernate.cfg.Configuration] - Reading mappings from resource : com/wepull/pojo/IdCard.hbm.xml
2014-08-23 09:30:36,546 INFO [org.hibernate.cfg.HbmBinder] - Mapping class: com.wepull.pojo.IdCard -> TIdCard
2014-08-23 09:30:36,546 INFO [org.hibernate.cfg.Configuration] - Configured SessionFactory: null
2014-08-23 09:30:36,562 INFO [org.hibernate.connection.DriverManagerConnectionProvider] - Using Hibernate built-in connection pool (not for production use!)
2014-08-23 09:30:36,562 INFO [org.hibernate.connection.DriverManagerConnectionProvider] - Hibernate connection pool size: 20
2014-08-23 09:30:36,562 INFO [org.hibernate.connection.DriverManagerConnectionProvider] - autocommit mode: false
2014-08-23 09:30:36,640 INFO [org.hibernate.connection.DriverManagerConnectionProvider] - using driver: com.microsoft.sqlserver.jdbc.SQLServerDriver at URL: jdbc:sqlserver://localhost:1433;databaseName=hibernate1_3
2014-08-23 09:30:36,640 INFO [org.hibernate.connection.DriverManagerConnectionProvider] - connection properties: {user=sa, password=****}
2014-08-23 09:30:36,718 INFO [org.hibernate.cfg.SettingsFactory] - RDBMS: Microsoft SQL Server, version: 9.00.1399
2014-08-23 09:30:36,718 INFO [org.hibernate.cfg.SettingsFactory] - JDBC driver: Microsoft SQL Server 2005 JDBC Driver, version: 1.1.1501.101
2014-08-23 09:30:36,734 INFO [org.hibernate.dialect.Dialect] - Using dialect: org.hibernate.dialect.SQLServerDialect
2014-08-23 09:30:36,734 INFO [org.hibernate.transaction.TransactionFactoryFactory] - Using default transaction strategy (direct JDBC transactions)
2014-08-23 09:30:36,734 INFO [org.hibernate.transaction.TransactionManagerLookupFactory] - No TransactionManagerLookup configured (in JTA environment, use of read-write or transactional second-level cache is not recommended)
2014-08-23 09:30:36,734 INFO [org.hibernate.cfg.SettingsFactory] - Automatic flush during beforeCompletion(): disabled
2014-08-23 09:30:36,734 INFO [org.hibernate.cfg.SettingsFactory] - Automatic session close at end of transaction: disabled
2014-08-23 09:30:36,734 INFO [org.hibernate.cfg.SettingsFactory] - Scrollable result sets: enabled
2014-08-23 09:30:36,734 INFO [org.hibernate.cfg.SettingsFactory] - JDBC3 getGeneratedKeys(): enabled
2014-08-23 09:30:36,734 INFO [org.hibernate.cfg.SettingsFactory] - Connection release mode: auto
2014-08-23 09:30:36,750 INFO [org.hibernate.cfg.SettingsFactory] - Default batch fetch size: 1
2014-08-23 09:30:36,750 INFO [org.hibernate.cfg.SettingsFactory] - Generate SQL with comments: disabled
2014-08-23 09:30:36,750 INFO [org.hibernate.cfg.SettingsFactory] - Order SQL updates by primary key: disabled
2014-08-23 09:30:36,750 INFO [org.hibernate.cfg.SettingsFactory] - Order SQL inserts for batching: disabled
2014-08-23 09:30:36,750 INFO [org.hibernate.cfg.SettingsFactory] - Query translator: org.hibernate.hql.ast.ASTQueryTranslatorFactory
2014-08-23 09:30:36,750 INFO [org.hibernate.hql.ast.ASTQueryTranslatorFactory] - Using ASTQueryTranslatorFactory
2014-08-23 09:30:36,750 INFO [org.hibernate.cfg.SettingsFactory] - Query language substitutions: {}
2014-08-23 09:30:36,750 INFO [org.hibernate.cfg.SettingsFactory] - JPA-QL strict compliance: disabled
2014-08-23 09:30:36,750 INFO [org.hibernate.cfg.SettingsFactory] - Second-level cache: enabled
2014-08-23 09:30:36,750 INFO [org.hibernate.cfg.SettingsFactory] - Query cache: disabled
2014-08-23 09:30:36,750 INFO [org.hibernate.cfg.SettingsFactory] - Cache provider: org.hibernate.cache.NoCacheProvider
2014-08-23 09:30:36,750 INFO [org.hibernate.cfg.SettingsFactory] - Optimize cache for minimal puts: disabled
2014-08-23 09:30:36,750 INFO [org.hibernate.cfg.SettingsFactory] - Structured second-level cache entries: disabled
2014-08-23 09:30:36,750 INFO [org.hibernate.cfg.SettingsFactory] - Echoing all SQL to stdout
2014-08-23 09:30:36,750 INFO [org.hibernate.cfg.SettingsFactory] - Statistics: disabled
2014-08-23 09:30:36,750 INFO [org.hibernate.cfg.SettingsFactory] - Deleted entity synthetic identifier rollback: disabled
2014-08-23 09:30:36,750 INFO [org.hibernate.cfg.SettingsFactory] - Default entity-mode: pojo
2014-08-23 09:30:36,750 INFO [org.hibernate.cfg.SettingsFactory] - Named query checking : enabled
2014-08-23 09:30:36,781 INFO [org.hibernate.impl.SessionFactoryImpl] - building session factory
2014-08-23 09:30:37,000 INFO [org.hibernate.impl.SessionFactoryObjectFactory] - Not binding factory to JNDI, no JNDI name configured
2014-08-23 09:32:04,703 INFO [org.hibernate.cfg.Environment] - Hibernate 3.2.6
2014-08-23 09:32:04,703 INFO [org.hibernate.cfg.Environment] - hibernate.properties not found
2014-08-23 09:32:04,703 INFO [org.hibernate.cfg.Environment] - Bytecode provider name : cglib
2014-08-23 09:32:04,703 INFO [org.hibernate.cfg.Environment] - using JDK 1.4 java.sql.Timestamp handling
2014-08-23 09:32:04,765 INFO [org.hibernate.cfg.Configuration] - configuring from resource: /hibernate.cfg.xml
2014-08-23 09:32:04,765 INFO [org.hibernate.cfg.Configuration] - Configuration resource: /hibernate.cfg.xml
2014-08-23 09:32:04,953 INFO [org.hibernate.cfg.Configuration] - Reading mappings from resource : com/wepull/pojo/Person.hbm.xml
2014-08-23 09:32:05,015 INFO [org.hibernate.cfg.HbmBinder] - Mapping class: com.wepull.pojo.Person -> TPerson
2014-08-23 09:32:05,078 INFO [org.hibernate.cfg.Configuration] - Reading mappings from resource : com/wepull/pojo/IdCard.hbm.xml
2014-08-23 09:32:05,093 INFO [org.hibernate.cfg.HbmBinder] - Mapping class: com.wepull.pojo.IdCard -> TIdCard
2014-08-23 09:32:05,093 INFO [org.hibernate.cfg.Configuration] - Configured SessionFactory: null
2014-08-23 09:32:05,109 INFO [org.hibernate.connection.DriverManagerConnectionProvider] - Using Hibernate built-in connection pool (not for production use!)
2014-08-23 09:32:05,109 INFO [org.hibernate.connection.DriverManagerConnectionProvider] - Hibernate connection pool size: 20
2014-08-23 09:32:05,109 INFO [org.hibernate.connection.DriverManagerConnectionProvider] - autocommit mode: false
2014-08-23 09:32:05,187 INFO [org.hibernate.connection.DriverManagerConnectionProvider] - using driver: com.microsoft.sqlserver.jdbc.SQLServerDriver at URL: jdbc:sqlserver://localhost:1433;databaseName=hibernate1_3
2014-08-23 09:32:05,187 INFO [org.hibernate.connection.DriverManagerConnectionProvider] - connection properties: {user=sa, password=****}
2014-08-23 09:32:05,265 INFO [org.hibernate.cfg.SettingsFactory] - RDBMS: Microsoft SQL Server, version: 9.00.1399
2014-08-23 09:32:05,265 INFO [org.hibernate.cfg.SettingsFactory] - JDBC driver: Microsoft SQL Server 2005 JDBC Driver, version: 1.1.1501.101
2014-08-23 09:32:05,281 INFO [org.hibernate.dialect.Dialect] - Using dialect: org.hibernate.dialect.SQLServerDialect
2014-08-23 09:32:05,281 INFO [org.hibernate.transaction.TransactionFactoryFactory] - Using default transaction strategy (direct JDBC transactions)
2014-08-23 09:32:05,281 INFO [org.hibernate.transaction.TransactionManagerLookupFactory] - No TransactionManagerLookup configured (in JTA environment, use of read-write or transactional second-level cache is not recommended)
2014-08-23 09:32:05,281 INFO [org.hibernate.cfg.SettingsFactory] - Automatic flush during beforeCompletion(): disabled
2014-08-23 09:32:05,281 INFO [org.hibernate.cfg.SettingsFactory] - Automatic session close at end of transaction: disabled
2014-08-23 09:32:05,281 INFO [org.hibernate.cfg.SettingsFactory] - Scrollable result sets: enabled
2014-08-23 09:32:05,281 INFO [org.hibernate.cfg.SettingsFactory] - JDBC3 getGeneratedKeys(): enabled
2014-08-23 09:32:05,281 INFO [org.hibernate.cfg.SettingsFactory] - Connection release mode: auto
2014-08-23 09:32:05,296 INFO [org.hibernate.cfg.SettingsFactory] - Default batch fetch size: 1
2014-08-23 09:32:05,296 INFO [org.hibernate.cfg.SettingsFactory] - Generate SQL with comments: disabled
2014-08-23 09:32:05,296 INFO [org.hibernate.cfg.SettingsFactory] - Order SQL updates by primary key: disabled
2014-08-23 09:32:05,296 INFO [org.hibernate.cfg.SettingsFactory] - Order SQL inserts for batching: disabled
2014-08-23 09:32:05,296 INFO [org.hibernate.cfg.SettingsFactory] - Query translator: org.hibernate.hql.ast.ASTQueryTranslatorFactory
2014-08-23 09:32:05,296 INFO [org.hibernate.hql.ast.ASTQueryTranslatorFactory] - Using ASTQueryTranslatorFactory
2014-08-23 09:32:05,296 INFO [org.hibernate.cfg.SettingsFactory] - Query language substitutions: {}
2014-08-23 09:32:05,296 INFO [org.hibernate.cfg.SettingsFactory] - JPA-QL strict compliance: disabled
2014-08-23 09:32:05,296 INFO [org.hibernate.cfg.SettingsFactory] - Second-level cache: enabled
2014-08-23 09:32:05,296 INFO [org.hibernate.cfg.SettingsFactory] - Query cache: disabled
2014-08-23 09:32:05,296 INFO [org.hibernate.cfg.SettingsFactory] - Cache provider: org.hibernate.cache.NoCacheProvider
2014-08-23 09:32:05,296 INFO [org.hibernate.cfg.SettingsFactory] - Optimize cache for minimal puts: disabled
2014-08-23 09:32:05,296 INFO [org.hibernate.cfg.SettingsFactory] - Structured second-level cache entries: disabled
2014-08-23 09:32:05,296 INFO [org.hibernate.cfg.SettingsFactory] - Echoing all SQL to stdout
2014-08-23 09:32:05,296 INFO [org.hibernate.cfg.SettingsFactory] - Statistics: disabled
2014-08-23 09:32:05,296 INFO [org.hibernate.cfg.SettingsFactory] - Deleted entity synthetic identifier rollback: disabled
2014-08-23 09:32:05,296 INFO [org.hibernate.cfg.SettingsFactory] - Default entity-mode: pojo
2014-08-23 09:32:05,296 INFO [org.hibernate.cfg.SettingsFactory] - Named query checking : enabled
2014-08-23 09:32:05,328 INFO [org.hibernate.impl.SessionFactoryImpl] - building session factory
2014-08-23 09:32:05,546 INFO [org.hibernate.impl.SessionFactoryObjectFactory] - Not binding factory to JNDI, no JNDI name configured
2014-08-23 09:32:10,109 INFO [org.hibernate.cfg.Environment] - Hibernate 3.2.6
2014-08-23 09:32:10,125 INFO [org.hibernate.cfg.Environment] - hibernate.properties not found
2014-08-23 09:32:10,125 INFO [org.hibernate.cfg.Environment] - Bytecode provider name : cglib
2014-08-23 09:32:10,125 INFO [org.hibernate.cfg.Environment] - using JDK 1.4 java.sql.Timestamp handling
2014-08-23 09:32:10,171 INFO [org.hibernate.cfg.Configuration] - configuring from resource: /hibernate.cfg.xml
2014-08-23 09:32:10,171 INFO [org.hibernate.cfg.Configuration] - Configuration resource: /hibernate.cfg.xml
2014-08-23 09:32:10,359 INFO [org.hibernate.cfg.Configuration] - Reading mappings from resource : com/wepull/pojo/Person.hbm.xml
2014-08-23 09:32:10,421 INFO [org.hibernate.cfg.HbmBinder] - Mapping class: com.wepull.pojo.Person -> TPerson
2014-08-23 09:32:10,500 INFO [org.hibernate.cfg.Configuration] - Reading mappings from resource : com/wepull/pojo/IdCard.hbm.xml
2014-08-23 09:32:10,515 INFO [org.hibernate.cfg.HbmBinder] - Mapping class: com.wepull.pojo.IdCard -> TIdCard
2014-08-23 09:32:10,515 INFO [org.hibernate.cfg.Configuration] - Configured SessionFactory: null
2014-08-23 09:32:10,515 INFO [org.hibernate.connection.DriverManagerConnectionProvider] - Using Hibernate built-in connection pool (not for production use!)
2014-08-23 09:32:10,515 INFO [org.hibernate.connection.DriverManagerConnectionProvider] - Hibernate connection pool size: 20
2014-08-23 09:32:10,515 INFO [org.hibernate.connection.DriverManagerConnectionProvider] - autocommit mode: false
2014-08-23 09:32:10,609 INFO [org.hibernate.connection.DriverManagerConnectionProvider] - using driver: com.microsoft.sqlserver.jdbc.SQLServerDriver at URL: jdbc:sqlserver://localhost:1433;databaseName=hibernate1_3
2014-08-23 09:32:10,609 INFO [org.hibernate.connection.DriverManagerConnectionProvider] - connection properties: {user=sa, password=****}
2014-08-23 09:32:10,687 INFO [org.hibernate.cfg.SettingsFactory] - RDBMS: Microsoft SQL Server, version: 9.00.1399
2014-08-23 09:32:10,687 INFO [org.hibernate.cfg.SettingsFactory] - JDBC driver: Microsoft SQL Server 2005 JDBC Driver, version: 1.1.1501.101
2014-08-23 09:32:10,703 INFO [org.hibernate.dialect.Dialect] - Using dialect: org.hibernate.dialect.SQLServerDialect
2014-08-23 09:32:10,703 INFO [org.hibernate.transaction.TransactionFactoryFactory] - Using default transaction strategy (direct JDBC transactions)
2014-08-23 09:32:10,703 INFO [org.hibernate.transaction.TransactionManagerLookupFactory] - No TransactionManagerLookup configured (in JTA environment, use of read-write or transactional second-level cache is not recommended)
2014-08-23 09:32:10,703 INFO [org.hibernate.cfg.SettingsFactory] - Automatic flush during beforeCompletion(): disabled
2014-08-23 09:32:10,703 INFO [org.hibernate.cfg.SettingsFactory] - Automatic session close at end of transaction: disabled
2014-08-23 09:32:10,703 INFO [org.hibernate.cfg.SettingsFactory] - Scrollable result sets: enabled
2014-08-23 09:32:10,703 INFO [org.hibernate.cfg.SettingsFactory] - JDBC3 getGeneratedKeys(): enabled
2014-08-23 09:32:10,703 INFO [org.hibernate.cfg.SettingsFactory] - Connection release mode: auto
2014-08-23 09:32:10,703 INFO [org.hibernate.cfg.SettingsFactory] - Default batch fetch size: 1
2014-08-23 09:32:10,703 INFO [org.hibernate.cfg.SettingsFactory] - Generate SQL with comments: disabled
2014-08-23 09:32:10,703 INFO [org.hibernate.cfg.SettingsFactory] - Order SQL updates by primary key: disabled
2014-08-23 09:32:10,703 INFO [org.hibernate.cfg.SettingsFactory] - Order SQL inserts for batching: disabled
2014-08-23 09:32:10,703 INFO [org.hibernate.cfg.SettingsFactory] - Query translator: org.hibernate.hql.ast.ASTQueryTranslatorFactory
2014-08-23 09:32:10,703 INFO [org.hibernate.hql.ast.ASTQueryTranslatorFactory] - Using ASTQueryTranslatorFactory
2014-08-23 09:32:10,703 INFO [org.hibernate.cfg.SettingsFactory] - Query language substitutions: {}
2014-08-23 09:32:10,703 INFO [org.hibernate.cfg.SettingsFactory] - JPA-QL strict compliance: disabled
2014-08-23 09:32:10,703 INFO [org.hibernate.cfg.SettingsFactory] - Second-level cache: enabled
2014-08-23 09:32:10,703 INFO [org.hibernate.cfg.SettingsFactory] - Query cache: disabled
2014-08-23 09:32:10,703 INFO [org.hibernate.cfg.SettingsFactory] - Cache provider: org.hibernate.cache.NoCacheProvider
2014-08-23 09:32:10,703 INFO [org.hibernate.cfg.SettingsFactory] - Optimize cache for minimal puts: disabled
2014-08-23 09:32:10,703 INFO [org.hibernate.cfg.SettingsFactory] - Structured second-level cache entries: disabled
2014-08-23 09:32:10,718 INFO [org.hibernate.cfg.SettingsFactory] - Echoing all SQL to stdout
2014-08-23 09:32:10,718 INFO [org.hibernate.cfg.SettingsFactory] - Statistics: disabled
2014-08-23 09:32:10,718 INFO [org.hibernate.cfg.SettingsFactory] - Deleted entity synthetic identifier rollback: disabled
2014-08-23 09:32:10,718 INFO [org.hibernate.cfg.SettingsFactory] - Default entity-mode: pojo
2014-08-23 09:32:10,718 INFO [org.hibernate.cfg.SettingsFactory] - Named query checking : enabled
2014-08-23 09:32:10,750 INFO [org.hibernate.impl.SessionFactoryImpl] - building session factory
2014-08-23 09:32:10,968 INFO [org.hibernate.impl.SessionFactoryObjectFactory] - Not binding factory to JNDI, no JNDI name configured
2014-08-23 09:34:25,875 INFO [org.hibernate.cfg.Environment] - Hibernate 3.2.6
2014-08-23 09:34:25,875 INFO [org.hibernate.cfg.Environment] - hibernate.properties not found
2014-08-23 09:34:25,890 INFO [org.hibernate.cfg.Environment] - Bytecode provider name : cglib
2014-08-23 09:34:25,890 INFO [org.hibernate.cfg.Environment] - using JDK 1.4 java.sql.Timestamp handling
2014-08-23 09:34:25,937 INFO [org.hibernate.cfg.Configuration] - configuring from resource: /hibernate.cfg.xml
2014-08-23 09:34:25,937 INFO [org.hibernate.cfg.Configuration] - Configuration resource: /hibernate.cfg.xml
2014-08-23 09:34:26,140 INFO [org.hibernate.cfg.Configuration] - Reading mappings from resource : com/wepull/pojo/Person.hbm.xml
2014-08-23 09:34:26,203 INFO [org.hibernate.cfg.HbmBinder] - Mapping class: com.wepull.pojo.Person -> TPerson
2014-08-23 09:34:26,281 INFO [org.hibernate.cfg.Configuration] - Reading mappings from resource : com/wepull/pojo/IdCard.hbm.xml
2014-08-23 09:34:26,296 INFO [org.hibernate.cfg.HbmBinder] - Mapping class: com.wepull.pojo.IdCard -> TIdCard
2014-08-23 09:34:26,296 INFO [org.hibernate.cfg.Configuration] - Configured SessionFactory: null
2014-08-23 09:34:26,328 INFO [org.hibernate.dialect.Dialect] - Using dialect: org.hibernate.dialect.SQLServerDialect
2014-08-23 09:34:26,359 INFO [org.hibernate.tool.hbm2ddl.SchemaExport] - Running hbm2ddl schema export
2014-08-23 09:34:26,359 INFO [org.hibernate.tool.hbm2ddl.SchemaExport] - exporting generated schema to database
2014-08-23 09:34:26,375 INFO [org.hibernate.connection.DriverManagerConnectionProvider] - Using Hibernate built-in connection pool (not for production use!)
2014-08-23 09:34:26,375 INFO [org.hibernate.connection.DriverManagerConnectionProvider] - Hibernate connection pool size: 20
2014-08-23 09:34:26,375 INFO [org.hibernate.connection.DriverManagerConnectionProvider] - autocommit mode: false
2014-08-23 09:34:26,453 INFO [org.hibernate.connection.DriverManagerConnectionProvider] - using driver: com.microsoft.sqlserver.jdbc.SQLServerDriver at URL: jdbc:sqlserver://localhost:1433;databaseName=hibernate1_3
2014-08-23 09:34:26,453 INFO [org.hibernate.connection.DriverManagerConnectionProvider] - connection properties: {user=sa, password=****}
2014-08-23 09:34:26,578 INFO [org.hibernate.tool.hbm2ddl.SchemaExport] - schema export complete
2014-08-23 09:34:26,578 INFO [org.hibernate.connection.DriverManagerConnectionProvider] - cleaning up connection pool: jdbc:sqlserver://localhost:1433;databaseName=hibernate1_3
2014-08-23 09:41:47,890 INFO [org.hibernate.cfg.Environment] - Hibernate 3.2.6
2014-08-23 09:41:47,890 INFO [org.hibernate.cfg.Environment] - hibernate.properties not found
2014-08-23 09:41:47,906 INFO [org.hibernate.cfg.Environment] - Bytecode provider name : cglib
2014-08-23 09:41:47,906 INFO [org.hibernate.cfg.Environment] - using JDK 1.4 java.sql.Timestamp handling
2014-08-23 09:41:47,953 INFO [org.hibernate.cfg.Configuration] - configuring from resource: /hibernate.cfg.xml
2014-08-23 09:41:47,953 INFO [org.hibernate.cfg.Configuration] - Configuration resource: /hibernate.cfg.xml
2014-08-23 09:41:48,140 INFO [org.hibernate.cfg.Configuration] - Reading mappings from resource : com/wepull/pojo/Person.hbm.xml
2014-08-23 09:41:48,203 INFO [org.hibernate.cfg.HbmBinder] - Mapping class: com.wepull.pojo.Person -> TPerson
2014-08-23 09:41:48,265 INFO [org.hibernate.cfg.Configuration] - Reading mappings from resource : com/wepull/pojo/IdCard.hbm.xml
2014-08-23 09:41:48,281 INFO [org.hibernate.cfg.HbmBinder] - Mapping class: com.wepull.pojo.IdCard -> TIdCard
2014-08-23 09:41:48,281 INFO [org.hibernate.cfg.Configuration] - Configured SessionFactory: null
2014-08-23 09:41:48,296 INFO [org.hibernate.connection.DriverManagerConnectionProvider] - Using Hibernate built-in connection pool (not for production use!)
2014-08-23 09:41:48,296 INFO [org.hibernate.connection.DriverManagerConnectionProvider] - Hibernate connection pool size: 20
2014-08-23 09:41:48,296 INFO [org.hibernate.connection.DriverManagerConnectionProvider] - autocommit mode: false
2014-08-23 09:41:48,375 INFO [org.hibernate.connection.DriverManagerConnectionProvider] - using driver: com.microsoft.sqlserver.jdbc.SQLServerDriver at URL: jdbc:sqlserver://localhost:1433;databaseName=hibernate1_3
2014-08-23 09:41:48,375 INFO [org.hibernate.connection.DriverManagerConnectionProvider] - connection properties: {user=sa, password=****}
2014-08-23 09:41:48,453 INFO [org.hibernate.cfg.SettingsFactory] - RDBMS: Microsoft SQL Server, version: 9.00.1399
2014-08-23 09:41:48,453 INFO [org.hibernate.cfg.SettingsFactory] - JDBC driver: Microsoft SQL Server 2005 JDBC Driver, version: 1.1.1501.101
2014-08-23 09:41:48,468 INFO [org.hibernate.dialect.Dialect] - Using dialect: org.hibernate.dialect.SQLServerDialect
2014-08-23 09:41:48,468 INFO [org.hibernate.transaction.TransactionFactoryFactory] - Using default transaction strategy (direct JDBC transactions)
2014-08-23 09:41:48,468 INFO [org.hibernate.transaction.TransactionManagerLookupFactory] - No TransactionManagerLookup configured (in JTA environment, use of read-write or transactional second-level cache is not recommended)
2014-08-23 09:41:48,468 INFO [org.hibernate.cfg.SettingsFactory] - Automatic flush during beforeCompletion(): disabled
2014-08-23 09:41:48,468 INFO [org.hibernate.cfg.SettingsFactory] - Automatic session close at end of transaction: disabled
2014-08-23 09:41:48,468 INFO [org.hibernate.cfg.SettingsFactory] - Scrollable result sets: enabled
2014-08-23 09:41:48,468 INFO [org.hibernate.cfg.SettingsFactory] - JDBC3 getGeneratedKeys(): enabled
2014-08-23 09:41:48,468 INFO [org.hibernate.cfg.SettingsFactory] - Connection release mode: auto
2014-08-23 09:41:48,468 INFO [org.hibernate.cfg.SettingsFactory] - Default batch fetch size: 1
2014-08-23 09:41:48,468 INFO [org.hibernate.cfg.SettingsFactory] - Generate SQL with comments: disabled
2014-08-23 09:41:48,468 INFO [org.hibernate.cfg.SettingsFactory] - Order SQL updates by primary key: disabled
2014-08-23 09:41:48,468 INFO [org.hibernate.cfg.SettingsFactory] - Order SQL inserts for batching: disabled
2014-08-23 09:41:48,468 INFO [org.hibernate.cfg.SettingsFactory] - Query translator: org.hibernate.hql.ast.ASTQueryTranslatorFactory
2014-08-23 09:41:48,468 INFO [org.hibernate.hql.ast.ASTQueryTranslatorFactory] - Using ASTQueryTranslatorFactory
2014-08-23 09:41:48,468 INFO [org.hibernate.cfg.SettingsFactory] - Query language substitutions: {}
2014-08-23 09:41:48,468 INFO [org.hibernate.cfg.SettingsFactory] - JPA-QL strict compliance: disabled
2014-08-23 09:41:48,468 INFO [org.hibernate.cfg.SettingsFactory] - Second-level cache: enabled
2014-08-23 09:41:48,468 INFO [org.hibernate.cfg.SettingsFactory] - Query cache: disabled
2014-08-23 09:41:48,468 INFO [org.hibernate.cfg.SettingsFactory] - Cache provider: org.hibernate.cache.NoCacheProvider
2014-08-23 09:41:48,468 INFO [org.hibernate.cfg.SettingsFactory] - Optimize cache for minimal puts: disabled
2014-08-23 09:41:48,468 INFO [org.hibernate.cfg.SettingsFactory] - Structured second-level cache entries: disabled
2014-08-23 09:41:48,484 INFO [org.hibernate.cfg.SettingsFactory] - Echoing all SQL to stdout
2014-08-23 09:41:48,484 INFO [org.hibernate.cfg.SettingsFactory] - Statistics: disabled
2014-08-23 09:41:48,484 INFO [org.hibernate.cfg.SettingsFactory] - Deleted entity synthetic identifier rollback: disabled
2014-08-23 09:41:48,484 INFO [org.hibernate.cfg.SettingsFactory] - Default entity-mode: pojo
2014-08-23 09:41:48,484 INFO [org.hibernate.cfg.SettingsFactory] - Named query checking : enabled
2014-08-23 09:41:48,515 INFO [org.hibernate.impl.SessionFactoryImpl] - building session factory
2014-08-23 09:41:48,718 INFO [org.hibernate.impl.SessionFactoryObjectFactory] - Not binding factory to JNDI, no JNDI name configured
2014-08-23 09:42:03,875 INFO [org.hibernate.cfg.Environment] - Hibernate 3.2.6
2014-08-23 09:42:03,875 INFO [org.hibernate.cfg.Environment] - hibernate.properties not found
2014-08-23 09:42:03,890 INFO [org.hibernate.cfg.Environment] - Bytecode provider name : cglib
2014-08-23 09:42:03,890 INFO [org.hibernate.cfg.Environment] - using JDK 1.4 java.sql.Timestamp handling
2014-08-23 09:42:03,937 INFO [org.hibernate.cfg.Configuration] - configuring from resource: /hibernate.cfg.xml
2014-08-23 09:42:03,937 INFO [org.hibernate.cfg.Configuration] - Configuration resource: /hibernate.cfg.xml
2014-08-23 09:42:04,125 INFO [org.hibernate.cfg.Configuration] - Reading mappings from resource : com/wepull/pojo/Person.hbm.xml
2014-08-23 09:42:04,187 INFO [org.hibernate.cfg.HbmBinder] - Mapping class: com.wepull.pojo.Person -> TPerson
2014-08-23 09:42:04,250 INFO [org.hibernate.cfg.Configuration] - Reading mappings from resource : com/wepull/pojo/IdCard.hbm.xml
2014-08-23 09:42:04,265 INFO [org.hibernate.cfg.HbmBinder] - Mapping class: com.wepull.pojo.IdCard -> TIdCard
2014-08-23 09:42:04,265 INFO [org.hibernate.cfg.Configuration] - Configured SessionFactory: null
2014-08-23 09:42:04,281 INFO [org.hibernate.connection.DriverManagerConnectionProvider] - Using Hibernate built-in connection pool (not for production use!)
2014-08-23 09:42:04,281 INFO [org.hibernate.connection.DriverManagerConnectionProvider] - Hibernate connection pool size: 20
2014-08-23 09:42:04,281 INFO [org.hibernate.connection.DriverManagerConnectionProvider] - autocommit mode: false
2014-08-23 09:42:04,359 INFO [org.hibernate.connection.DriverManagerConnectionProvider] - using driver: com.microsoft.sqlserver.jdbc.SQLServerDriver at URL: jdbc:sqlserver://localhost:1433;databaseName=hibernate1_3
2014-08-23 09:42:04,359 INFO [org.hibernate.connection.DriverManagerConnectionProvider] - connection properties: {user=sa, password=****}
2014-08-23 09:42:04,437 INFO [org.hibernate.cfg.SettingsFactory] - RDBMS: Microsoft SQL Server, version: 9.00.1399
2014-08-23 09:42:04,437 INFO [org.hibernate.cfg.SettingsFactory] - JDBC driver: Microsoft SQL Server 2005 JDBC Driver, version: 1.1.1501.101
2014-08-23 09:42:04,437 INFO [org.hibernate.dialect.Dialect] - Using dialect: org.hibernate.dialect.SQLServerDialect
2014-08-23 09:42:04,453 INFO [org.hibernate.transaction.TransactionFactoryFactory] - Using default transaction strategy (direct JDBC transactions)
2014-08-23 09:42:04,453 INFO [org.hibernate.transaction.TransactionManagerLookupFactory] - No TransactionManagerLookup configured (in JTA environment, use of read-write or transactional second-level cache is not recommended)
2014-08-23 09:42:04,453 INFO [org.hibernate.cfg.SettingsFactory] - Automatic flush during beforeCompletion(): disabled
2014-08-23 09:42:04,453 INFO [org.hibernate.cfg.SettingsFactory] - Automatic session close at end of transaction: disabled
2014-08-23 09:42:04,453 INFO [org.hibernate.cfg.SettingsFactory] - Scrollable result sets: enabled
2014-08-23 09:42:04,453 INFO [org.hibernate.cfg.SettingsFactory] - JDBC3 getGeneratedKeys(): enabled
2014-08-23 09:42:04,453 INFO [org.hibernate.cfg.SettingsFactory] - Connection release mode: auto
2014-08-23 09:42:04,453 INFO [org.hibernate.cfg.SettingsFactory] - Default batch fetch size: 1
2014-08-23 09:42:04,453 INFO [org.hibernate.cfg.SettingsFactory] - Generate SQL with comments: disabled
2014-08-23 09:42:04,453 INFO [org.hibernate.cfg.SettingsFactory] - Order SQL updates by primary key: disabled
2014-08-23 09:42:04,453 INFO [org.hibernate.cfg.SettingsFactory] - Order SQL inserts for batching: disabled
2014-08-23 09:42:04,453 INFO [org.hibernate.cfg.SettingsFactory] - Query translator: org.hibernate.hql.ast.ASTQueryTranslatorFactory
2014-08-23 09:42:04,453 INFO [org.hibernate.hql.ast.ASTQueryTranslatorFactory] - Using ASTQueryTranslatorFactory
2014-08-23 09:42:04,453 INFO [org.hibernate.cfg.SettingsFactory] - Query language substitutions: {}
2014-08-23 09:42:04,453 INFO [org.hibernate.cfg.SettingsFactory] - JPA-QL strict compliance: disabled
2014-08-23 09:42:04,453 INFO [org.hibernate.cfg.SettingsFactory] - Second-level cache: enabled
2014-08-23 09:42:04,453 INFO [org.hibernate.cfg.SettingsFactory] - Query cache: disabled
2014-08-23 09:42:04,453 INFO [org.hibernate.cfg.SettingsFactory] - Cache provider: org.hibernate.cache.NoCacheProvider
2014-08-23 09:42:04,453 INFO [org.hibernate.cfg.SettingsFactory] - Optimize cache for minimal puts: disabled
2014-08-23 09:42:04,453 INFO [org.hibernate.cfg.SettingsFactory] - Structured second-level cache entries: disabled
2014-08-23 09:42:04,453 INFO [org.hibernate.cfg.SettingsFactory] - Echoing all SQL to stdout
2014-08-23 09:42:04,453 INFO [org.hibernate.cfg.SettingsFactory] - Statistics: disabled
2014-08-23 09:42:04,453 INFO [org.hibernate.cfg.SettingsFactory] - Deleted entity synthetic identifier rollback: disabled
2014-08-23 09:42:04,453 INFO [org.hibernate.cfg.SettingsFactory] - Default entity-mode: pojo
2014-08-23 09:42:04,453 INFO [org.hibernate.cfg.SettingsFactory] - Named query checking : enabled
2014-08-23 09:42:04,484 INFO [org.hibernate.impl.SessionFactoryImpl] - building session factory
2014-08-23 09:42:04,703 INFO [org.hibernate.impl.SessionFactoryObjectFactory] - Not binding factory to JNDI, no JNDI name configured
2014-08-23 09:42:09,000 INFO [org.hibernate.cfg.Environment] - Hibernate 3.2.6
2014-08-23 09:42:09,015 INFO [org.hibernate.cfg.Environment] - hibernate.properties not found
2014-08-23 09:42:09,015 INFO [org.hibernate.cfg.Environment] - Bytecode provider name : cglib
2014-08-23 09:42:09,015 INFO [org.hibernate.cfg.Environment] - using JDK 1.4 java.sql.Timestamp handling
2014-08-23 09:42:09,062 INFO [org.hibernate.cfg.Configuration] - configuring from resource: /hibernate.cfg.xml
2014-08-23 09:42:09,062 INFO [org.hibernate.cfg.Configuration] - Configuration resource: /hibernate.cfg.xml
2014-08-23 09:42:09,250 INFO [org.hibernate.cfg.Configuration] - Reading mappings from resource : com/wepull/pojo/Person.hbm.xml
2014-08-23 09:42:09,312 INFO [org.hibernate.cfg.HbmBinder] - Mapping class: com.wepull.pojo.Person -> TPerson
2014-08-23 09:42:09,375 INFO [org.hibernate.cfg.Configuration] - Reading mappings from resource : com/wepull/pojo/IdCard.hbm.xml
2014-08-23 09:42:09,390 INFO [org.hibernate.cfg.HbmBinder] - Mapping class: com.wepull.pojo.IdCard -> TIdCard
2014-08-23 09:42:09,390 INFO [org.hibernate.cfg.Configuration] - Configured SessionFactory: null
2014-08-23 09:42:09,406 INFO [org.hibernate.connection.DriverManagerConnectionProvider] - Using Hibernate built-in connection pool (not for production use!)
2014-08-23 09:42:09,406 INFO [org.hibernate.connection.DriverManagerConnectionProvider] - Hibernate connection pool size: 20
2014-08-23 09:42:09,406 INFO [org.hibernate.connection.DriverManagerConnectionProvider] - autocommit mode: false
2014-08-23 09:42:09,484 INFO [org.hibernate.connection.DriverManagerConnectionProvider] - using driver: com.microsoft.sqlserver.jdbc.SQLServerDriver at URL: jdbc:sqlserver://localhost:1433;databaseName=hibernate1_3
2014-08-23 09:42:09,484 INFO [org.hibernate.connection.DriverManagerConnectionProvider] - connection properties: {user=sa, password=****}
2014-08-23 09:42:09,562 INFO [org.hibernate.cfg.SettingsFactory] - RDBMS: Microsoft SQL Server, version: 9.00.1399
2014-08-23 09:42:09,562 INFO [org.hibernate.cfg.SettingsFactory] - JDBC driver: Microsoft SQL Server 2005 JDBC Driver, version: 1.1.1501.101
2014-08-23 09:42:09,578 INFO [org.hibernate.dialect.Dialect] - Using dialect: org.hibernate.dialect.SQLServerDialect
2014-08-23 09:42:09,578 INFO [org.hibernate.transaction.TransactionFactoryFactory] - Using default transaction strategy (direct JDBC transactions)
2014-08-23 09:42:09,593 INFO [org.hibernate.transaction.TransactionManagerLookupFactory] - No TransactionManagerLookup configured (in JTA environment, use of read-write or transactional second-level cache is not recommended)
2014-08-23 09:42:09,593 INFO [org.hibernate.cfg.SettingsFactory] - Automatic flush during beforeCompletion(): disabled
2014-08-23 09:42:09,593 INFO [org.hibernate.cfg.SettingsFactory] - Automatic session close at end of transaction: disabled
2014-08-23 09:42:09,593 INFO [org.hibernate.cfg.SettingsFactory] - Scrollable result sets: enabled
2014-08-23 09:42:09,593 INFO [org.hibernate.cfg.SettingsFactory] - JDBC3 getGeneratedKeys(): enabled
2014-08-23 09:42:09,593 INFO [org.hibernate.cfg.SettingsFactory] - Connection release mode: auto
2014-08-23 09:42:09,593 INFO [org.hibernate.cfg.SettingsFactory] - Default batch fetch size: 1
2014-08-23 09:42:09,593 INFO [org.hibernate.cfg.SettingsFactory] - Generate SQL with comments: disabled
2014-08-23 09:42:09,593 INFO [org.hibernate.cfg.SettingsFactory] - Order SQL updates by primary key: disabled
2014-08-23 09:42:09,593 INFO [org.hibernate.cfg.SettingsFactory] - Order SQL inserts for batching: disabled
2014-08-23 09:42:09,593 INFO [org.hibernate.cfg.SettingsFactory] - Query translator: org.hibernate.hql.ast.ASTQueryTranslatorFactory
2014-08-23 09:42:09,593 INFO [org.hibernate.hql.ast.ASTQueryTranslatorFactory] - Using ASTQueryTranslatorFactory
2014-08-23 09:42:09,593 INFO [org.hibernate.cfg.SettingsFactory] - Query language substitutions: {}
2014-08-23 09:42:09,593 INFO [org.hibernate.cfg.SettingsFactory] - JPA-QL strict compliance: disabled
2014-08-23 09:42:09,593 INFO [org.hibernate.cfg.SettingsFactory] - Second-level cache: enabled
2014-08-23 09:42:09,593 INFO [org.hibernate.cfg.SettingsFactory] - Query cache: disabled
2014-08-23 09:42:09,593 INFO [org.hibernate.cfg.SettingsFactory] - Cache provider: org.hibernate.cache.NoCacheProvider
2014-08-23 09:42:09,593 INFO [org.hibernate.cfg.SettingsFactory] - Optimize cache for minimal puts: disabled
2014-08-23 09:42:09,593 INFO [org.hibernate.cfg.SettingsFactory] - Structured second-level cache entries: disabled
2014-08-23 09:42:09,593 INFO [org.hibernate.cfg.SettingsFactory] - Echoing all SQL to stdout
2014-08-23 09:42:09,593 INFO [org.hibernate.cfg.SettingsFactory] - Statistics: disabled
2014-08-23 09:42:09,593 INFO [org.hibernate.cfg.SettingsFactory] - Deleted entity synthetic identifier rollback: disabled
2014-08-23 09:42:09,593 INFO [org.hibernate.cfg.SettingsFactory] - Default entity-mode: pojo
2014-08-23 09:42:09,593 INFO [org.hibernate.cfg.SettingsFactory] - Named query checking : enabled
2014-08-23 09:42:09,625 INFO [org.hibernate.impl.SessionFactoryImpl] - building session factory
2014-08-23 09:42:09,843 INFO [org.hibernate.impl.SessionFactoryObjectFactory] - Not binding factory to JNDI, no JNDI name configured
2014-08-23 09:44:08,515 INFO [org.hibernate.cfg.Environment] - Hibernate 3.2.6
2014-08-23 09:44:08,531 INFO [org.hibernate.cfg.Environment] - hibernate.properties not found
2014-08-23 09:44:08,531 INFO [org.hibernate.cfg.Environment] - Bytecode provider name : cglib
2014-08-23 09:44:08,531 INFO [org.hibernate.cfg.Environment] - using JDK 1.4 java.sql.Timestamp handling
2014-08-23 09:44:08,578 INFO [org.hibernate.cfg.Configuration] - configuring from resource: /hibernate.cfg.xml
2014-08-23 09:44:08,578 INFO [org.hibernate.cfg.Configuration] - Configuration resource: /hibernate.cfg.xml
2014-08-23 09:44:08,765 INFO [org.hibernate.cfg.Configuration] - Reading mappings from resource : com/wepull/pojo/Person.hbm.xml
2014-08-23 09:44:08,828 INFO [org.hibernate.cfg.HbmBinder] - Mapping class: com.wepull.pojo.Person -> TPerson
2014-08-23 09:44:08,890 INFO [org.hibernate.cfg.Configuration] - Reading mappings from resource : com/wepull/pojo/IdCard.hbm.xml
2014-08-23 09:44:08,906 INFO [org.hibernate.cfg.HbmBinder] - Mapping class: com.wepull.pojo.IdCard -> TIdCard
2014-08-23 09:44:08,906 INFO [org.hibernate.cfg.Configuration] - Configured SessionFactory: null
2014-08-23 09:44:08,921 INFO [org.hibernate.connection.DriverManagerConnectionProvider] - Using Hibernate built-in connection pool (not for production use!)
2014-08-23 09:44:08,921 INFO [org.hibernate.connection.DriverManagerConnectionProvider] - Hibernate connection pool size: 20
2014-08-23 09:44:08,921 INFO [org.hibernate.connection.DriverManagerConnectionProvider] - autocommit mode: false
2014-08-23 09:44:09,000 INFO [org.hibernate.connection.DriverManagerConnectionProvider] - using driver: com.microsoft.sqlserver.jdbc.SQLServerDriver at URL: jdbc:sqlserver://localhost:1433;databaseName=hibernate1_3
2014-08-23 09:44:09,000 INFO [org.hibernate.connection.DriverManagerConnectionProvider] - connection properties: {user=sa, password=****}
2014-08-23 09:44:09,078 INFO [org.hibernate.cfg.SettingsFactory] - RDBMS: Microsoft SQL Server, version: 9.00.1399
2014-08-23 09:44:09,078 INFO [org.hibernate.cfg.SettingsFactory] - JDBC driver: Microsoft SQL Server 2005 JDBC Driver, version: 1.1.1501.101
2014-08-23 09:44:09,093 INFO [org.hibernate.dialect.Dialect] - Using dialect: org.hibernate.dialect.SQLServerDialect
2014-08-23 09:44:09,093 INFO [org.hibernate.transaction.TransactionFactoryFactory] - Using default transaction strategy (direct JDBC transactions)
2014-08-23 09:44:09,109 INFO [org.hibernate.transaction.TransactionManagerLookupFactory] - No TransactionManagerLookup configured (in JTA environment, use of read-write or transactional second-level cache is not recommended)
2014-08-23 09:44:09,109 INFO [org.hibernate.cfg.SettingsFactory] - Automatic flush during beforeCompletion(): disabled
2014-08-23 09:44:09,109 INFO [org.hibernate.cfg.SettingsFactory] - Automatic session close at end of transaction: disabled
2014-08-23 09:44:09,109 INFO [org.hibernate.cfg.SettingsFactory] - Scrollable result sets: enabled
2014-08-23 09:44:09,109 INFO [org.hibernate.cfg.SettingsFactory] - JDBC3 getGeneratedKeys(): enabled
2014-08-23 09:44:09,109 INFO [org.hibernate.cfg.SettingsFactory] - Connection release mode: auto
2014-08-23 09:44:09,109 INFO [org.hibernate.cfg.SettingsFactory] - Default batch fetch size: 1
2014-08-23 09:44:09,109 INFO [org.hibernate.cfg.SettingsFactory] - Generate SQL with comments: disabled
2014-08-23 09:44:09,109 INFO [org.hibernate.cfg.SettingsFactory] - Order SQL updates by primary key: disabled
2014-08-23 09:44:09,109 INFO [org.hibernate.cfg.SettingsFactory] - Order SQL inserts for batching: disabled
2014-08-23 09:44:09,109 INFO [org.hibernate.cfg.SettingsFactory] - Query translator: org.hibernate.hql.ast.ASTQueryTranslatorFactory
2014-08-23 09:44:09,109 INFO [org.hibernate.hql.ast.ASTQueryTranslatorFactory] - Using ASTQueryTranslatorFactory
2014-08-23 09:44:09,109 INFO [org.hibernate.cfg.SettingsFactory] - Query language substitutions: {}
2014-08-23 09:44:09,109 INFO [org.hibernate.cfg.SettingsFactory] - JPA-QL strict compliance: disabled
2014-08-23 09:44:09,109 INFO [org.hibernate.cfg.SettingsFactory] - Second-level cache: enabled
2014-08-23 09:44:09,109 INFO [org.hibernate.cfg.SettingsFactory] - Query cache: disabled
2014-08-23 09:44:09,109 INFO [org.hibernate.cfg.SettingsFactory] - Cache provider: org.hibernate.cache.NoCacheProvider
2014-08-23 09:44:09,109 INFO [org.hibernate.cfg.SettingsFactory] - Optimize cache for minimal puts: disabled
2014-08-23 09:44:09,109 INFO [org.hibernate.cfg.SettingsFactory] - Structured second-level cache entries: disabled
2014-08-23 09:44:09,109 INFO [org.hibernate.cfg.SettingsFactory] - Echoing all SQL to stdout
2014-08-23 09:44:09,109 INFO [org.hibernate.cfg.SettingsFactory] - Statistics: disabled
2014-08-23 09:44:09,109 INFO [org.hibernate.cfg.SettingsFactory] - Deleted entity synthetic identifier rollback: disabled
2014-08-23 09:44:09,109 INFO [org.hibernate.cfg.SettingsFactory] - Default entity-mode: pojo
2014-08-23 09:44:09,109 INFO [org.hibernate.cfg.SettingsFactory] - Named query checking : enabled
2014-08-23 09:44:09,140 INFO [org.hibernate.impl.SessionFactoryImpl] - building session factory
2014-08-23 09:44:09,359 INFO [org.hibernate.impl.SessionFactoryObjectFactory] - Not binding factory to JNDI, no JNDI name configured
2014-08-23 09:45:09,078 INFO [org.hibernate.cfg.Environment] - Hibernate 3.2.6
2014-08-23 09:45:09,078 INFO [org.hibernate.cfg.Environment] - hibernate.properties not found
2014-08-23 09:45:09,078 INFO [org.hibernate.cfg.Environment] - Bytecode provider name : cglib
2014-08-23 09:45:09,078 INFO [org.hibernate.cfg.Environment] - using JDK 1.4 java.sql.Timestamp handling
2014-08-23 09:45:09,125 INFO [org.hibernate.cfg.Configuration] - configuring from resource: /hibernate.cfg.xml
2014-08-23 09:45:09,125 INFO [org.hibernate.cfg.Configuration] - Configuration resource: /hibernate.cfg.xml
2014-08-23 09:45:09,328 INFO [org.hibernate.cfg.Configuration] - Reading mappings from resource : com/wepull/pojo/Person.hbm.xml
2014-08-23 09:45:09,390 INFO [org.hibernate.cfg.HbmBinder] - Mapping class: com.wepull.pojo.Person -> TPerson
2014-08-23 09:45:09,453 INFO [org.hibernate.cfg.Configuration] - Reading mappings from resource : com/wepull/pojo/IdCard.hbm.xml
2014-08-23 09:45:09,468 INFO [org.hibernate.cfg.HbmBinder] - Mapping class: com.wepull.pojo.IdCard -> TIdCard
2014-08-23 09:45:09,468 INFO [org.hibernate.cfg.Configuration] - Configured SessionFactory: null
2014-08-23 09:45:09,484 INFO [org.hibernate.connection.DriverManagerConnectionProvider] - Using Hibernate built-in connection pool (not for production use!)
2014-08-23 09:45:09,484 INFO [org.hibernate.connection.DriverManagerConnectionProvider] - Hibernate connection pool size: 20
2014-08-23 09:45:09,484 INFO [org.hibernate.connection.DriverManagerConnectionProvider] - autocommit mode: false
2014-08-23 09:45:09,562 INFO [org.hibernate.connection.DriverManagerConnectionProvider] - using driver: com.microsoft.sqlserver.jdbc.SQLServerDriver at URL: jdbc:sqlserver://localhost:1433;databaseName=hibernate1_3
2014-08-23 09:45:09,562 INFO [org.hibernate.connection.DriverManagerConnectionProvider] - connection properties: {user=sa, password=****}
2014-08-23 09:45:09,640 INFO [org.hibernate.cfg.SettingsFactory] - RDBMS: Microsoft SQL Server, version: 9.00.1399
2014-08-23 09:45:09,640 INFO [org.hibernate.cfg.SettingsFactory] - JDBC driver: Microsoft SQL Server 2005 JDBC Driver, version: 1.1.1501.101
2014-08-23 09:45:09,656 INFO [org.hibernate.dialect.Dialect] - Using dialect: org.hibernate.dialect.SQLServerDialect
2014-08-23 09:45:09,656 INFO [org.hibernate.transaction.TransactionFactoryFactory] - Using default transaction strategy (direct JDBC transactions)
2014-08-23 09:45:09,656 INFO [org.hibernate.transaction.TransactionManagerLookupFactory] - No TransactionManagerLookup configured (in JTA environment, use of read-write or transactional second-level cache is not recommended)
2014-08-23 09:45:09,656 INFO [org.hibernate.cfg.SettingsFactory] - Automatic flush during beforeCompletion(): disabled
2014-08-23 09:45:09,656 INFO [org.hibernate.cfg.SettingsFactory] - Automatic session close at end of transaction: disabled
2014-08-23 09:45:09,656 INFO [org.hibernate.cfg.SettingsFactory] - Scrollable result sets: enabled
2014-08-23 09:45:09,656 INFO [org.hibernate.cfg.SettingsFactory] - JDBC3 getGeneratedKeys(): enabled
2014-08-23 09:45:09,656 INFO [org.hibernate.cfg.SettingsFactory] - Connection release mode: auto
2014-08-23 09:45:09,671 INFO [org.hibernate.cfg.SettingsFactory] - Default batch fetch size: 1
2014-08-23 09:45:09,671 INFO [org.hibernate.cfg.SettingsFactory] - Generate SQL with comments: disabled
2014-08-23 09:45:09,671 INFO [org.hibernate.cfg.SettingsFactory] - Order SQL updates by primary key: disabled
2014-08-23 09:45:09,671 INFO [org.hibernate.cfg.SettingsFactory] - Order SQL inserts for batching: disabled
2014-08-23 09:45:09,671 INFO [org.hibernate.cfg.SettingsFactory] - Query translator: org.hibernate.hql.ast.ASTQueryTranslatorFactory
2014-08-23 09:45:09,671 INFO [org.hibernate.hql.ast.ASTQueryTranslatorFactory] - Using ASTQueryTranslatorFactory
2014-08-23 09:45:09,671 INFO [org.hibernate.cfg.SettingsFactory] - Query language substitutions: {}
2014-08-23 09:45:09,671 INFO [org.hibernate.cfg.SettingsFactory] - JPA-QL strict compliance: disabled
2014-08-23 09:45:09,671 INFO [org.hibernate.cfg.SettingsFactory] - Second-level cache: enabled
2014-08-23 09:45:09,671 INFO [org.hibernate.cfg.SettingsFactory] - Query cache: disabled
2014-08-23 09:45:09,671 INFO [org.hibernate.cfg.SettingsFactory] - Cache provider: org.hibernate.cache.NoCacheProvider
2014-08-23 09:45:09,671 INFO [org.hibernate.cfg.SettingsFactory] - Optimize cache for minimal puts: disabled
2014-08-23 09:45:09,671 INFO [org.hibernate.cfg.SettingsFactory] - Structured second-level cache entries: disabled
2014-08-23 09:45:09,671 INFO [org.hibernate.cfg.SettingsFactory] - Echoing all SQL to stdout
2014-08-23 09:45:09,671 INFO [org.hibernate.cfg.SettingsFactory] - Statistics: disabled
2014-08-23 09:45:09,671 INFO [org.hibernate.cfg.SettingsFactory] - Deleted entity synthetic identifier rollback: disabled
2014-08-23 09:45:09,671 INFO [org.hibernate.cfg.SettingsFactory] - Default entity-mode: pojo
2014-08-23 09:45:09,671 INFO [org.hibernate.cfg.SettingsFactory] - Named query checking : enabled
2014-08-23 09:45:09,703 INFO [org.hibernate.impl.SessionFactoryImpl] - building session factory
2014-08-23 09:45:09,921 INFO [org.hibernate.impl.SessionFactoryObjectFactory] - Not binding factory to JNDI, no JNDI name configured
2014-08-23 09:46:06,687 INFO [org.hibernate.cfg.Environment] - Hibernate 3.2.6
2014-08-23 09:46:06,703 INFO [org.hibernate.cfg.Environment] - hibernate.properties not found
2014-08-23 09:46:06,703 INFO [org.hibernate.cfg.Environment] - Bytecode provider name : cglib
2014-08-23 09:46:06,703 INFO [org.hibernate.cfg.Environment] - using JDK 1.4 java.sql.Timestamp handling
2014-08-23 09:46:06,750 INFO [org.hibernate.cfg.Configuration] - configuring from resource: /hibernate.cfg.xml
2014-08-23 09:46:06,750 INFO [org.hibernate.cfg.Configuration] - Configuration resource: /hibernate.cfg.xml
2014-08-23 09:46:06,953 INFO [org.hibernate.cfg.Configuration] - Reading mappings from resource : com/wepull/pojo/Person.hbm.xml
2014-08-23 09:46:07,015 INFO [org.hibernate.cfg.HbmBinder] - Mapping class: com.wepull.pojo.Person -> TPerson
2014-08-23 09:46:07,093 INFO [org.hibernate.cfg.Configuration] - Reading mappings from resource : com/wepull/pojo/IdCard.hbm.xml
2014-08-23 09:46:07,109 INFO [org.hibernate.cfg.HbmBinder] - Mapping class: com.wepull.pojo.IdCard -> TIdCard
2014-08-23 09:46:07,109 INFO [org.hibernate.cfg.Configuration] - Configured SessionFactory: null
2014-08-23 09:46:07,125 INFO [org.hibernate.dialect.Dialect] - Using dialect: org.hibernate.dialect.SQLServerDialect
2014-08-23 09:46:07,171 INFO [org.hibernate.tool.hbm2ddl.SchemaExport] - Running hbm2ddl schema export
2014-08-23 09:46:07,171 INFO [org.hibernate.tool.hbm2ddl.SchemaExport] - exporting generated schema to database
2014-08-23 09:46:07,171 INFO [org.hibernate.connection.DriverManagerConnectionProvider] - Using Hibernate built-in connection pool (not for production use!)
2014-08-23 09:46:07,171 INFO [org.hibernate.connection.DriverManagerConnectionProvider] - Hibernate connection pool size: 20
2014-08-23 09:46:07,171 INFO [org.hibernate.connection.DriverManagerConnectionProvider] - autocommit mode: false
2014-08-23 09:46:07,250 INFO [org.hibernate.connection.DriverManagerConnectionProvider] - using driver: com.microsoft.sqlserver.jdbc.SQLServerDriver at URL: jdbc:sqlserver://localhost:1433;databaseName=hibernate1_3
2014-08-23 09:46:07,250 INFO [org.hibernate.connection.DriverManagerConnectionProvider] - connection properties: {user=sa, password=****}
2014-08-23 09:46:07,343 INFO [org.hibernate.tool.hbm2ddl.SchemaExport] - schema export complete
2014-08-23 09:46:07,343 INFO [org.hibernate.connection.DriverManagerConnectionProvider] - cleaning up connection pool: jdbc:sqlserver://localhost:1433;databaseName=hibernate1_3
2014-08-23 09:46:20,703 INFO [org.hibernate.cfg.Environment] - Hibernate 3.2.6
2014-08-23 09:46:20,703 INFO [org.hibernate.cfg.Environment] - hibernate.properties not found
2014-08-23 09:46:20,703 INFO [org.hibernate.cfg.Environment] - Bytecode provider name : cglib
2014-08-23 09:46:20,718 INFO [org.hibernate.cfg.Environment] - using JDK 1.4 java.sql.Timestamp handling
2014-08-23 09:46:20,750 INFO [org.hibernate.cfg.Configuration] - configuring from resource: /hibernate.cfg.xml
2014-08-23 09:46:20,750 INFO [org.hibernate.cfg.Configuration] - Configuration resource: /hibernate.cfg.xml
2014-08-23 09:46:20,937 INFO [org.hibernate.cfg.Configuration] - Reading mappings from resource : com/wepull/pojo/Person.hbm.xml
2014-08-23 09:46:21,000 INFO [org.hibernate.cfg.HbmBinder] - Mapping class: com.wepull.pojo.Person -> TPerson
2014-08-23 09:46:21,078 INFO [org.hibernate.cfg.Configuration] - Reading mappings from resource : com/wepull/pojo/IdCard.hbm.xml
2014-08-23 09:46:21,093 INFO [org.hibernate.cfg.HbmBinder] - Mapping class: com.wepull.pojo.IdCard -> TIdCard
2014-08-23 09:46:21,093 INFO [org.hibernate.cfg.Configuration] - Configured SessionFactory: null
2014-08-23 09:46:21,093 INFO [org.hibernate.connection.DriverManagerConnectionProvider] - Using Hibernate built-in connection pool (not for production use!)
2014-08-23 09:46:21,093 INFO [org.hibernate.connection.DriverManagerConnectionProvider] - Hibernate connection pool size: 20
2014-08-23 09:46:21,093 INFO [org.hibernate.connection.DriverManagerConnectionProvider] - autocommit mode: false
2014-08-23 09:46:21,171 INFO [org.hibernate.connection.DriverManagerConnectionProvider] - using driver: com.microsoft.sqlserver.jdbc.SQLServerDriver at URL: jdbc:sqlserver://localhost:1433;databaseName=hibernate1_3
2014-08-23 09:46:21,171 INFO [org.hibernate.connection.DriverManagerConnectionProvider] - connection properties: {user=sa, password=****}
2014-08-23 09:46:21,250 INFO [org.hibernate.cfg.SettingsFactory] - RDBMS: Microsoft SQL Server, version: 9.00.1399
2014-08-23 09:46:21,250 INFO [org.hibernate.cfg.SettingsFactory] - JDBC driver: Microsoft SQL Server 2005 JDBC Driver, version: 1.1.1501.101
2014-08-23 09:46:21,265 INFO [org.hibernate.dialect.Dialect] - Using dialect: org.hibernate.dialect.SQLServerDialect
2014-08-23 09:46:21,265 INFO [org.hibernate.transaction.TransactionFactoryFactory] - Using default transaction strategy (direct JDBC transactions)
2014-08-23 09:46:21,281 INFO [org.hibernate.transaction.TransactionManagerLookupFactory] - No TransactionManagerLookup configured (in JTA environment, use of read-write or transactional second-level cache is not recommended)
2014-08-23 09:46:21,281 INFO [org.hibernate.cfg.SettingsFactory] - Automatic flush during beforeCompletion(): disabled
2014-08-23 09:46:21,281 INFO [org.hibernate.cfg.SettingsFactory] - Automatic session close at end of transaction: disabled
2014-08-23 09:46:21,281 INFO [org.hibernate.cfg.SettingsFactory] - Scrollable result sets: enabled
2014-08-23 09:46:21,281 INFO [org.hibernate.cfg.SettingsFactory] - JDBC3 getGeneratedKeys(): enabled
2014-08-23 09:46:21,281 INFO [org.hibernate.cfg.SettingsFactory] - Connection release mode: auto
2014-08-23 09:46:21,281 INFO [org.hibernate.cfg.SettingsFactory] - Default batch fetch size: 1
2014-08-23 09:46:21,281 INFO [org.hibernate.cfg.SettingsFactory] - Generate SQL with comments: disabled
2014-08-23 09:46:21,281 INFO [org.hibernate.cfg.SettingsFactory] - Order SQL updates by primary key: disabled
2014-08-23 09:46:21,281 INFO [org.hibernate.cfg.SettingsFactory] - Order SQL inserts for batching: disabled
2014-08-23 09:46:21,281 INFO [org.hibernate.cfg.SettingsFactory] - Query translator: org.hibernate.hql.ast.ASTQueryTranslatorFactory
2014-08-23 09:46:21,281 INFO [org.hibernate.hql.ast.ASTQueryTranslatorFactory] - Using ASTQueryTranslatorFactory
2014-08-23 09:46:21,281 INFO [org.hibernate.cfg.SettingsFactory] - Query language substitutions: {}
2014-08-23 09:46:21,281 INFO [org.hibernate.cfg.SettingsFactory] - JPA-QL strict compliance: disabled
2014-08-23 09:46:21,281 INFO [org.hibernate.cfg.SettingsFactory] - Second-level cache: enabled
2014-08-23 09:46:21,281 INFO [org.hibernate.cfg.SettingsFactory] - Query cache: disabled
2014-08-23 09:46:21,281 INFO [org.hibernate.cfg.SettingsFactory] - Cache provider: org.hibernate.cache.NoCacheProvider
2014-08-23 09:46:21,281 INFO [org.hibernate.cfg.SettingsFactory] - Optimize cache for minimal puts: disabled
2014-08-23 09:46:21,281 INFO [org.hibernate.cfg.SettingsFactory] - Structured second-level cache entries: disabled
2014-08-23 09:46:21,281 INFO [org.hibernate.cfg.SettingsFactory] - Echoing all SQL to stdout
2014-08-23 09:46:21,281 INFO [org.hibernate.cfg.SettingsFactory] - Statistics: disabled
2014-08-23 09:46:21,281 INFO [org.hibernate.cfg.SettingsFactory] - Deleted entity synthetic identifier rollback: disabled
2014-08-23 09:46:21,281 INFO [org.hibernate.cfg.SettingsFactory] - Default entity-mode: pojo
2014-08-23 09:46:21,281 INFO [org.hibernate.cfg.SettingsFactory] - Named query checking : enabled
2014-08-23 09:46:21,312 INFO [org.hibernate.impl.SessionFactoryImpl] - building session factory
2014-08-23 09:46:21,531 INFO [org.hibernate.impl.SessionFactoryObjectFactory] - Not binding factory to JNDI, no JNDI name configured
2014-08-23 09:47:03,343 INFO [org.hibernate.cfg.Environment] - Hibernate 3.2.6
2014-08-23 09:47:03,343 INFO [org.hibernate.cfg.Environment] - hibernate.properties not found
2014-08-23 09:47:03,343 INFO [org.hibernate.cfg.Environment] - Bytecode provider name : cglib
2014-08-23 09:47:03,359 INFO [org.hibernate.cfg.Environment] - using JDK 1.4 java.sql.Timestamp handling
2014-08-23 09:47:03,406 INFO [org.hibernate.cfg.Configuration] - configuring from resource: /hibernate.cfg.xml
2014-08-23 09:47:03,406 INFO [org.hibernate.cfg.Configuration] - Configuration resource: /hibernate.cfg.xml
2014-08-23 09:47:03,593 INFO [org.hibernate.cfg.Configuration] - Reading mappings from resource : com/wepull/pojo/Person.hbm.xml
2014-08-23 09:47:03,656 INFO [org.hibernate.cfg.HbmBinder] - Mapping class: com.wepull.pojo.Person -> TPerson
2014-08-23 09:47:03,718 INFO [org.hibernate.cfg.Configuration] - Reading mappings from resource : com/wepull/pojo/IdCard.hbm.xml
2014-08-23 09:47:03,734 INFO [org.hibernate.cfg.HbmBinder] - Mapping class: com.wepull.pojo.IdCard -> TIdCard
2014-08-23 09:47:03,734 INFO [org.hibernate.cfg.Configuration] - Configured SessionFactory: null
2014-08-23 09:47:03,750 INFO [org.hibernate.connection.DriverManagerConnectionProvider] - Using Hibernate built-in connection pool (not for production use!)
2014-08-23 09:47:03,750 INFO [org.hibernate.connection.DriverManagerConnectionProvider] - Hibernate connection pool size: 20
2014-08-23 09:47:03,750 INFO [org.hibernate.connection.DriverManagerConnectionProvider] - autocommit mode: false
2014-08-23 09:47:03,828 INFO [org.hibernate.connection.DriverManagerConnectionProvider] - using driver: com.microsoft.sqlserver.jdbc.SQLServerDriver at URL: jdbc:sqlserver://localhost:1433;databaseName=hibernate1_3
2014-08-23 09:47:03,828 INFO [org.hibernate.connection.DriverManagerConnectionProvider] - connection properties: {user=sa, password=****}
2014-08-23 09:47:03,906 INFO [org.hibernate.cfg.SettingsFactory] - RDBMS: Microsoft SQL Server, version: 9.00.1399
2014-08-23 09:47:03,906 INFO [org.hibernate.cfg.SettingsFactory] - JDBC driver: Microsoft SQL Server 2005 JDBC Driver, version: 1.1.1501.101
2014-08-23 09:47:03,921 INFO [org.hibernate.dialect.Dialect] - Using dialect: org.hibernate.dialect.SQLServerDialect
2014-08-23 09:47:03,921 INFO [org.hibernate.transaction.TransactionFactoryFactory] - Using default transaction strategy (direct JDBC transactions)
2014-08-23 09:47:03,937 INFO [org.hibernate.transaction.TransactionManagerLookupFactory] - No TransactionManagerLookup configured (in JTA environment, use of read-write or transactional second-level cache is not recommended)
2014-08-23 09:47:03,937 INFO [org.hibernate.cfg.SettingsFactory] - Automatic flush during beforeCompletion(): disabled
2014-08-23 09:47:03,937 INFO [org.hibernate.cfg.SettingsFactory] - Automatic session close at end of transaction: disabled
2014-08-23 09:47:03,937 INFO [org.hibernate.cfg.SettingsFactory] - Scrollable result sets: enabled
2014-08-23 09:47:03,937 INFO [org.hibernate.cfg.SettingsFactory] - JDBC3 getGeneratedKeys(): enabled
2014-08-23 09:47:03,937 INFO [org.hibernate.cfg.SettingsFactory] - Connection release mode: auto
2014-08-23 09:47:03,937 INFO [org.hibernate.cfg.SettingsFactory] - Default batch fetch size: 1
2014-08-23 09:47:03,937 INFO [org.hibernate.cfg.SettingsFactory] - Generate SQL with comments: disabled
2014-08-23 09:47:03,937 INFO [org.hibernate.cfg.SettingsFactory] - Order SQL updates by primary key: disabled
2014-08-23 09:47:03,937 INFO [org.hibernate.cfg.SettingsFactory] - Order SQL inserts for batching: disabled
2014-08-23 09:47:03,937 INFO [org.hibernate.cfg.SettingsFactory] - Query translator: org.hibernate.hql.ast.ASTQueryTranslatorFactory
2014-08-23 09:47:03,937 INFO [org.hibernate.hql.ast.ASTQueryTranslatorFactory] - Using ASTQueryTranslatorFactory
2014-08-23 09:47:03,937 INFO [org.hibernate.cfg.SettingsFactory] - Query language substitutions: {}
2014-08-23 09:47:03,937 INFO [org.hibernate.cfg.SettingsFactory] - JPA-QL strict compliance: disabled
2014-08-23 09:47:03,937 INFO [org.hibernate.cfg.SettingsFactory] - Second-level cache: enabled
2014-08-23 09:47:03,937 INFO [org.hibernate.cfg.SettingsFactory] - Query cache: disabled
2014-08-23 09:47:03,937 INFO [org.hibernate.cfg.SettingsFactory] - Cache provider: org.hibernate.cache.NoCacheProvider
2014-08-23 09:47:03,937 INFO [org.hibernate.cfg.SettingsFactory] - Optimize cache for minimal puts: disabled
2014-08-23 09:47:03,937 INFO [org.hibernate.cfg.SettingsFactory] - Structured second-level cache entries: disabled
2014-08-23 09:47:03,937 INFO [org.hibernate.cfg.SettingsFactory] - Echoing all SQL to stdout
2014-08-23 09:47:03,937 INFO [org.hibernate.cfg.SettingsFactory] - Statistics: disabled
2014-08-23 09:47:03,937 INFO [org.hibernate.cfg.SettingsFactory] - Deleted entity synthetic identifier rollback: disabled
2014-08-23 09:47:03,937 INFO [org.hibernate.cfg.SettingsFactory] - Default entity-mode: pojo
2014-08-23 09:47:03,937 INFO [org.hibernate.cfg.SettingsFactory] - Named query checking : enabled
2014-08-23 09:47:03,968 INFO [org.hibernate.impl.SessionFactoryImpl] - building session factory
2014-08-23 09:47:04,187 INFO [org.hibernate.impl.SessionFactoryObjectFactory] - Not binding factory to JNDI, no JNDI name configured
2014-08-23 09:58:28,828 INFO [org.hibernate.cfg.Environment] - Hibernate 3.2.6
2014-08-23 09:58:28,843 INFO [org.hibernate.cfg.Environment] - hibernate.properties not found
2014-08-23 09:58:28,843 INFO [org.hibernate.cfg.Environment] - Bytecode provider name : cglib
2014-08-23 09:58:28,843 INFO [org.hibernate.cfg.Environment] - using JDK 1.4 java.sql.Timestamp handling
2014-08-23 09:58:28,890 INFO [org.hibernate.cfg.Configuration] - configuring from resource: /hibernate.cfg.xml
2014-08-23 09:58:28,890 INFO [org.hibernate.cfg.Configuration] - Configuration resource: /hibernate.cfg.xml
2014-08-23 09:58:29,078 INFO [org.hibernate.cfg.Configuration] - Reading mappings from resource : com/wepull/pojo/Person.hbm.xml
2014-08-23 09:58:29,140 INFO [org.hibernate.cfg.HbmBinder] - Mapping class: com.wepull.pojo.Person -> TPerson
2014-08-23 09:58:29,203 INFO [org.hibernate.cfg.Configuration] - Reading mappings from resource : com/wepull/pojo/IdCard.hbm.xml
2014-08-23 09:58:29,218 INFO [org.hibernate.cfg.HbmBinder] - Mapping class: com.wepull.pojo.IdCard -> TIdCard
2014-08-23 09:58:29,218 INFO [org.hibernate.cfg.Configuration] - Configured SessionFactory: null
2014-08-23 09:58:29,234 INFO [org.hibernate.dialect.Dialect] - Using dialect: org.hibernate.dialect.SQLServerDialect
2014-08-23 09:58:29,281 INFO [org.hibernate.tool.hbm2ddl.SchemaExport] - Running hbm2ddl schema export
2014-08-23 09:58:29,281 INFO [org.hibernate.tool.hbm2ddl.SchemaExport] - exporting generated schema to database
2014-08-23 09:58:29,281 INFO [org.hibernate.connection.DriverManagerConnectionProvider] - Using Hibernate built-in connection pool (not for production use!)
2014-08-23 09:58:29,281 INFO [org.hibernate.connection.DriverManagerConnectionProvider] - Hibernate connection pool size: 20
2014-08-23 09:58:29,281 INFO [org.hibernate.connection.DriverManagerConnectionProvider] - autocommit mode: false
2014-08-23 09:58:29,359 INFO [org.hibernate.connection.DriverManagerConnectionProvider] - using driver: com.microsoft.sqlserver.jdbc.SQLServerDriver at URL: jdbc:sqlserver://localhost:1433;databaseName=hibernate1_3
2014-08-23 09:58:29,359 INFO [org.hibernate.connection.DriverManagerConnectionProvider] - connection properties: {user=sa, password=****}
2014-08-23 09:58:29,437 INFO [org.hibernate.tool.hbm2ddl.SchemaExport] - schema export complete
2014-08-23 09:58:29,453 INFO [org.hibernate.connection.DriverManagerConnectionProvider] - cleaning up connection pool: jdbc:sqlserver://localhost:1433;databaseName=hibernate1_3
